<?xml version="1.0" encoding="UTF-8"?>
<testsuite xmlns:xsi="http://www.w3.org/2001/XMLSchema-instance" xsi:noNamespaceSchemaLocation="https://maven.apache.org/surefire/maven-surefire-plugin/xsd/surefire-test-report.xsd" name="org.acme.resteasy.ExampleResourceTest" time="8.921" tests="1" errors="1" skipped="0" failures="0">
  <properties>
    <property name="awt.toolkit" value="sun.awt.X11.XToolkit"/>
    <property name="java.specification.version" value="11"/>
    <property name="sun.cpu.isalist" value=""/>
    <property name="sun.jnu.encoding" value="ANSI_X3.4-1968"/>
    <property name="java.class.path" value="/api/target/test-classes:/api/target/classes:/root/.m2/repository/io/quarkus/quarkus-hibernate-orm/1.9.0.CR1/quarkus-hibernate-orm-1.9.0.CR1.jar:/root/.m2/repository/io/quarkus/quarkus-core/1.9.0.CR1/quarkus-core-1.9.0.CR1.jar:/root/.m2/repository/jakarta/annotation/jakarta.annotation-api/1.3.5/jakarta.annotation-api-1.3.5.jar:/root/.m2/repository/io/quarkus/quarkus-ide-launcher/1.9.0.CR1/quarkus-ide-launcher-1.9.0.CR1.jar:/root/.m2/repository/io/quarkus/quarkus-development-mode-spi/1.9.0.CR1/quarkus-development-mode-spi-1.9.0.CR1.jar:/root/.m2/repository/io/smallrye/config/smallrye-config/1.9.1/smallrye-config-1.9.1.jar:/root/.m2/repository/io/smallrye/common/smallrye-common-annotation/1.4.0/smallrye-common-annotation-1.4.0.jar:/root/.m2/repository/io/smallrye/common/smallrye-common-expression/1.4.0/smallrye-common-expression-1.4.0.jar:/root/.m2/repository/io/smallrye/common/smallrye-common-function/1.4.0/smallrye-common-function-1.4.0.jar:/root/.m2/repository/io/smallrye/common/smallrye-common-classloader/1.4.0/smallrye-common-classloader-1.4.0.jar:/root/.m2/repository/org/ow2/asm/asm/8.0.1/asm-8.0.1.jar:/root/.m2/repository/org/jboss/logmanager/jboss-logmanager-embedded/1.0.4/jboss-logmanager-embedded-1.0.4.jar:/root/.m2/repository/org/jboss/logging/jboss-logging-annotations/2.1.0.Final/jboss-logging-annotations-2.1.0.Final.jar:/root/.m2/repository/org/jboss/threads/jboss-threads/3.1.1.Final/jboss-threads-3.1.1.Final.jar:/root/.m2/repository/org/graalvm/sdk/graal-sdk/20.2.0/graal-sdk-20.2.0.jar:/root/.m2/repository/org/wildfly/common/wildfly-common/1.5.4.Final-format-001/wildfly-common-1.5.4.Final-format-001.jar:/root/.m2/repository/io/quarkus/quarkus-bootstrap-runner/1.9.0.CR1/quarkus-bootstrap-runner-1.9.0.CR1.jar:/root/.m2/repository/io/quarkus/quarkus-agroal/1.9.0.CR1/quarkus-agroal-1.9.0.CR1.jar:/root/.m2/repository/io/quarkus/quarkus-datasource/1.9.0.CR1/quarkus-datasource-1.9.0.CR1.jar:/root/.m2/repository/io/quarkus/quarkus-datasource-common/1.9.0.CR1/quarkus-datasource-common-1.9.0.CR1.jar:/root/.m2/repository/org/jboss/narayana/jta/narayana-jta/5.10.6.Final/narayana-jta-5.10.6.Final.jar:/root/.m2/repository/org/jboss/jboss-transaction-spi/7.6.0.Final/jboss-transaction-spi-7.6.0.Final.jar:/root/.m2/repository/org/jboss/spec/javax/resource/jboss-connector-api_1.7_spec/1.0.0.Final/jboss-connector-api_1.7_spec-1.0.0.Final.jar:/root/.m2/repository/org/jboss/narayana/jts/narayana-jts-integration/5.10.6.Final/narayana-jts-integration-5.10.6.Final.jar:/root/.m2/repository/io/agroal/agroal-api/1.8/agroal-api-1.8.jar:/root/.m2/repository/io/agroal/agroal-narayana/1.8/agroal-narayana-1.8.jar:/root/.m2/repository/io/agroal/agroal-pool/1.8/agroal-pool-1.8.jar:/root/.m2/repository/io/quarkus/quarkus-credentials/1.9.0.CR1/quarkus-credentials-1.9.0.CR1.jar:/root/.m2/repository/io/quarkus/quarkus-narayana-jta/1.9.0.CR1/quarkus-narayana-jta-1.9.0.CR1.jar:/root/.m2/repository/io/smallrye/smallrye-context-propagation-jta/1.0.13/smallrye-context-propagation-jta-1.0.13.jar:/root/.m2/repository/io/smallrye/reactive/smallrye-reactive-converter-api/1.1.0/smallrye-reactive-converter-api-1.1.0.jar:/root/.m2/repository/org/reactivestreams/reactive-streams/1.0.3/reactive-streams-1.0.3.jar:/root/.m2/repository/io/smallrye/reactive/smallrye-reactive-converter-mutiny/1.1.0/smallrye-reactive-converter-mutiny-1.1.0.jar:/root/.m2/repository/org/hibernate/hibernate-core/5.4.22.Final/hibernate-core-5.4.22.Final.jar:/root/.m2/repository/net/bytebuddy/byte-buddy/1.10.10/byte-buddy-1.10.10.jar:/root/.m2/repository/antlr/antlr/2.7.7/antlr-2.7.7.jar:/root/.m2/repository/org/jboss/jandex/2.2.1.Final/jandex-2.2.1.Final.jar:/root/.m2/repository/com/fasterxml/classmate/1.3.4/classmate-1.3.4.jar:/root/.m2/repository/org/dom4j/dom4j/2.1.3/dom4j-2.1.3.jar:/root/.m2/repository/org/hibernate/common/hibernate-commons-annotations/5.1.0.Final/hibernate-commons-annotations-5.1.0.Final.jar:/root/.m2/repository/org/hibernate/hibernate-graalvm/5.4.22.Final/hibernate-graalvm-5.4.22.Final.jar:/root/.m2/repository/org/glassfish/jaxb/jaxb-runtime/2.3.3-b02/jaxb-runtime-2.3.3-b02.jar:/root/.m2/repository/org/glassfish/jaxb/txw2/2.3.3-b02/txw2-2.3.3-b02.jar:/root/.m2/repository/com/sun/istack/istack-commons-runtime/3.0.10/istack-commons-runtime-3.0.10.jar:/root/.m2/repository/com/sun/activation/jakarta.activation/1.2.1/jakarta.activation-1.2.1.jar:/root/.m2/repository/org/jboss/spec/javax/xml/bind/jboss-jaxb-api_2.3_spec/2.0.0.Final/jboss-jaxb-api_2.3_spec-2.0.0.Final.jar:/root/.m2/repository/jakarta/persistence/jakarta.persistence-api/2.2.3/jakarta.persistence-api-2.2.3.jar:/root/.m2/repository/jakarta/transaction/jakarta.transaction-api/1.3.3/jakarta.transaction-api-1.3.3.jar:/root/.m2/repository/org/hibernate/quarkus-local-cache/0.1.0/quarkus-local-cache-0.1.0.jar:/root/.m2/repository/com/github/ben-manes/caffeine/caffeine/2.8.5/caffeine-2.8.5.jar:/root/.m2/repository/org/checkerframework/checker-qual/2.5.2/checker-qual-2.5.2.jar:/root/.m2/repository/com/google/errorprone/error_prone_annotations/2.2.0/error_prone_annotations-2.2.0.jar:/root/.m2/repository/io/quarkus/quarkus-caffeine/1.9.0.CR1/quarkus-caffeine-1.9.0.CR1.jar:/root/.m2/repository/io/quarkus/quarkus-flyway/1.9.0.CR1/quarkus-flyway-1.9.0.CR1.jar:/root/.m2/repository/org/flywaydb/flyway-core/6.5.7/flyway-core-6.5.7.jar:/root/.m2/repository/io/quarkus/quarkus-config-yaml/1.9.0.CR1/quarkus-config-yaml-1.9.0.CR1.jar:/root/.m2/repository/io/smallrye/config/smallrye-config-source-yaml/1.9.1/smallrye-config-source-yaml-1.9.1.jar:/root/.m2/repository/org/yaml/snakeyaml/1.27/snakeyaml-1.27.jar:/root/.m2/repository/io/smallrye/config/smallrye-config-common/1.9.1/smallrye-config-common-1.9.1.jar:/root/.m2/repository/io/smallrye/common/smallrye-common-constraint/1.4.0/smallrye-common-constraint-1.4.0.jar:/root/.m2/repository/org/eclipse/microprofile/config/microprofile-config-api/1.4/microprofile-config-api-1.4.jar:/root/.m2/repository/io/quarkus/quarkus-hibernate-orm-rest-data-panache/1.9.0.CR1/quarkus-hibernate-orm-rest-data-panache-1.9.0.CR1.jar:/root/.m2/repository/io/quarkus/quarkus-rest-data-panache/1.9.0.CR1/quarkus-rest-data-panache-1.9.0.CR1.jar:/root/.m2/repository/org/jboss/resteasy/resteasy-links/4.5.8.Final/resteasy-links-4.5.8.Final.jar:/root/.m2/repository/org/jboss/spec/javax/ws/rs/jboss-jaxrs-api_2.1_spec/2.0.1.Final/jboss-jaxrs-api_2.1_spec-2.0.1.Final.jar:/root/.m2/repository/org/jboss/spec/javax/el/jboss-el-api_3.0_spec/2.0.0.Final/jboss-el-api_3.0_spec-2.0.0.Final.jar:/root/.m2/repository/io/quarkus/quarkus-hibernate-orm-panache/1.9.0.CR1/quarkus-hibernate-orm-panache-1.9.0.CR1.jar:/root/.m2/repository/io/quarkus/quarkus-hibernate-orm-panache-common/1.9.0.CR1/quarkus-hibernate-orm-panache-common-1.9.0.CR1.jar:/root/.m2/repository/io/quarkus/quarkus-panache-hibernate-common/1.9.0.CR1/quarkus-panache-hibernate-common-1.9.0.CR1.jar:/root/.m2/repository/io/quarkus/quarkus-panache-common/1.9.0.CR1/quarkus-panache-common-1.9.0.CR1.jar:/root/.m2/repository/io/quarkus/quarkus-resteasy/1.9.0.CR1/quarkus-resteasy-1.9.0.CR1.jar:/root/.m2/repository/io/quarkus/quarkus-vertx-http/1.9.0.CR1/quarkus-vertx-http-1.9.0.CR1.jar:/root/.m2/repository/io/quarkus/quarkus-security-runtime-spi/1.9.0.CR1/quarkus-security-runtime-spi-1.9.0.CR1.jar:/root/.m2/repository/io/quarkus/security/quarkus-security/1.1.3.Final/quarkus-security-1.1.3.Final.jar:/root/.m2/repository/io/quarkus/quarkus-vertx-core/1.9.0.CR1/quarkus-vertx-core-1.9.0.CR1.jar:/root/.m2/repository/io/vertx/vertx-core/3.9.3/vertx-core-3.9.3.jar:/root/.m2/repository/io/netty/netty-common/4.1.49.Final/netty-common-4.1.49.Final.jar:/root/.m2/repository/io/netty/netty-buffer/4.1.49.Final/netty-buffer-4.1.49.Final.jar:/root/.m2/repository/io/netty/netty-transport/4.1.49.Final/netty-transport-4.1.49.Final.jar:/root/.m2/repository/io/netty/netty-handler-proxy/4.1.49.Final/netty-handler-proxy-4.1.49.Final.jar:/root/.m2/repository/io/netty/netty-codec-socks/4.1.49.Final/netty-codec-socks-4.1.49.Final.jar:/root/.m2/repository/io/netty/netty-codec-http/4.1.49.Final/netty-codec-http-4.1.49.Final.jar:/root/.m2/repository/io/netty/netty-codec-http2/4.1.49.Final/netty-codec-http2-4.1.49.Final.jar:/root/.m2/repository/io/netty/netty-resolver/4.1.49.Final/netty-resolver-4.1.49.Final.jar:/root/.m2/repository/io/netty/netty-resolver-dns/4.1.49.Final/netty-resolver-dns-4.1.49.Final.jar:/root/.m2/repository/io/netty/netty-codec-dns/4.1.49.Final/netty-codec-dns-4.1.49.Final.jar:/root/.m2/repository/io/vertx/vertx-web/3.9.3/vertx-web-3.9.3.jar:/root/.m2/repository/io/vertx/vertx-web-common/3.9.3/vertx-web-common-3.9.3.jar:/root/.m2/repository/io/vertx/vertx-auth-common/3.9.3/vertx-auth-common-3.9.3.jar:/root/.m2/repository/io/vertx/vertx-bridge-common/3.9.3/vertx-bridge-common-3.9.3.jar:/root/.m2/repository/io/quarkus/quarkus-resteasy-server-common/1.9.0.CR1/quarkus-resteasy-server-common-1.9.0.CR1.jar:/root/.m2/repository/io/quarkus/quarkus-resteasy-common/1.9.0.CR1/quarkus-resteasy-common-1.9.0.CR1.jar:/root/.m2/repository/jakarta/validation/jakarta.validation-api/2.0.2/jakarta.validation-api-2.0.2.jar:/root/.m2/repository/io/quarkus/quarkus-scheduler/1.9.0.CR1/quarkus-scheduler-1.9.0.CR1.jar:/root/.m2/repository/com/cronutils/cron-utils/9.1.1/cron-utils-9.1.1.jar:/root/.m2/repository/io/quarkus/quarkus-jdbc-mysql/1.9.0.CR1/quarkus-jdbc-mysql-1.9.0.CR1.jar:/root/.m2/repository/mysql/mysql-connector-java/8.0.21/mysql-connector-java-8.0.21.jar:/root/.m2/repository/io/quarkus/quarkus-smallrye-metrics/1.9.0.CR1/quarkus-smallrye-metrics-1.9.0.CR1.jar:/root/.m2/repository/io/smallrye/smallrye-metrics/2.4.4/smallrye-metrics-2.4.4.jar:/root/.m2/repository/io/smallrye/smallrye-metrics-api/2.4.4/smallrye-metrics-api-2.4.4.jar:/root/.m2/repository/io/quarkus/quarkus-jsonp/1.9.0.CR1/quarkus-jsonp-1.9.0.CR1.jar:/root/.m2/repository/org/glassfish/jakarta.json/1.1.6/jakarta.json-1.1.6.jar:/root/.m2/repository/org/eclipse/microprofile/metrics/microprofile-metrics-api/2.3/microprofile-metrics-api-2.3.jar:/root/.m2/repository/io/quarkus/quarkus-smallrye-opentracing/1.9.0.CR1/quarkus-smallrye-opentracing-1.9.0.CR1.jar:/root/.m2/repository/org/eclipse/microprofile/opentracing/microprofile-opentracing-api/1.3.3/microprofile-opentracing-api-1.3.3.jar:/root/.m2/repository/io/smallrye/smallrye-opentracing/1.3.4/smallrye-opentracing-1.3.4.jar:/root/.m2/repository/org/eclipse/microprofile/rest/client/microprofile-rest-client-api/1.4.1/microprofile-rest-client-api-1.4.1.jar:/root/.m2/repository/io/opentracing/opentracing-api/0.31.0/opentracing-api-0.31.0.jar:/root/.m2/repository/io/opentracing/contrib/opentracing-jaxrs2/0.4.1/opentracing-jaxrs2-0.4.1.jar:/root/.m2/repository/io/opentracing/opentracing-noop/0.31.0/opentracing-noop-0.31.0.jar:/root/.m2/repository/io/opentracing/contrib/opentracing-web-servlet-filter/0.2.3/opentracing-web-servlet-filter-0.2.3.jar:/root/.m2/repository/io/opentracing/contrib/opentracing-concurrent/0.2.0/opentracing-concurrent-0.2.0.jar:/root/.m2/repository/io/opentracing/contrib/opentracing-interceptors/0.0.4/opentracing-interceptors-0.0.4.jar:/root/.m2/repository/io/opentracing/contrib/opentracing-tracerresolver/0.1.8/opentracing-tracerresolver-0.1.8.jar:/root/.m2/repository/io/smallrye/smallrye-fault-tolerance-tracing-propagation/4.3.1/smallrye-fault-tolerance-tracing-propagation-4.3.1.jar:/root/.m2/repository/jakarta/inject/jakarta.inject-api/1.0/jakarta.inject-api-1.0.jar:/root/.m2/repository/io/quarkus/quarkus-jaeger/1.9.0.CR1/quarkus-jaeger-1.9.0.CR1.jar:/root/.m2/repository/io/jaegertracing/jaeger-core/0.34.3/jaeger-core-0.34.3.jar:/root/.m2/repository/io/opentracing/opentracing-util/0.31.0/opentracing-util-0.31.0.jar:/root/.m2/repository/com/google/code/gson/gson/2.8.6/gson-2.8.6.jar:/root/.m2/repository/io/jaegertracing/jaeger-thrift/0.34.3/jaeger-thrift-0.34.3.jar:/root/.m2/repository/org/apache/thrift/libthrift/0.13.0/libthrift-0.13.0.jar:/root/.m2/repository/com/squareup/okhttp3/okhttp/3.14.9/okhttp-3.14.9.jar:/root/.m2/repository/com/squareup/okio/okio/1.17.2/okio-1.17.2.jar:/root/.m2/repository/jakarta/activation/jakarta.activation-api/1.2.1/jakarta.activation-api-1.2.1.jar:/root/.m2/repository/jakarta/servlet/jakarta.servlet-api/4.0.3/jakarta.servlet-api-4.0.3.jar:/root/.m2/repository/io/quarkus/quarkus-hibernate-validator/1.9.0.CR1/quarkus-hibernate-validator-1.9.0.CR1.jar:/root/.m2/repository/org/hibernate/validator/hibernate-validator/6.1.6.Final/hibernate-validator-6.1.6.Final.jar:/root/.m2/repository/org/glassfish/jakarta.el/3.0.3/jakarta.el-3.0.3.jar:/root/.m2/repository/io/quarkus/quarkus-smallrye-openapi/1.9.0.CR1/quarkus-smallrye-openapi-1.9.0.CR1.jar:/root/.m2/repository/io/smallrye/smallrye-open-api-core/2.0.10/smallrye-open-api-core-2.0.10.jar:/root/.m2/repository/org/eclipse/microprofile/openapi/microprofile-openapi-api/1.1.2/microprofile-openapi-api-1.1.2.jar:/root/.m2/repository/com/fasterxml/jackson/core/jackson-core/2.11.3/jackson-core-2.11.3.jar:/root/.m2/repository/com/fasterxml/jackson/dataformat/jackson-dataformat-yaml/2.11.3/jackson-dataformat-yaml-2.11.3.jar:/root/.m2/repository/io/quarkus/quarkus-swagger-ui/1.9.0.CR1/quarkus-swagger-ui-1.9.0.CR1.jar:/root/.m2/repository/io/quarkus/quarkus-jackson/1.9.0.CR1/quarkus-jackson-1.9.0.CR1.jar:/root/.m2/repository/com/fasterxml/jackson/core/jackson-databind/2.11.3/jackson-databind-2.11.3.jar:/root/.m2/repository/com/fasterxml/jackson/core/jackson-annotations/2.11.3/jackson-annotations-2.11.3.jar:/root/.m2/repository/com/fasterxml/jackson/datatype/jackson-datatype-jsr310/2.11.3/jackson-datatype-jsr310-2.11.3.jar:/root/.m2/repository/com/fasterxml/jackson/datatype/jackson-datatype-jdk8/2.11.3/jackson-datatype-jdk8-2.11.3.jar:/root/.m2/repository/com/fasterxml/jackson/module/jackson-module-parameter-names/2.11.3/jackson-module-parameter-names-2.11.3.jar:/root/.m2/repository/io/quarkus/quarkus-resteasy-jackson/1.9.0.CR1/quarkus-resteasy-jackson-1.9.0.CR1.jar:/root/.m2/repository/org/jboss/resteasy/resteasy-jackson2-provider/4.5.8.Final/resteasy-jackson2-provider-4.5.8.Final.jar:/root/.m2/repository/org/jboss/resteasy/resteasy-jaxb-provider/4.5.8.Final/resteasy-jaxb-provider-4.5.8.Final.jar:/root/.m2/repository/com/fasterxml/jackson/jaxrs/jackson-jaxrs-json-provider/2.11.3/jackson-jaxrs-json-provider-2.11.3.jar:/root/.m2/repository/com/fasterxml/jackson/jaxrs/jackson-jaxrs-base/2.11.3/jackson-jaxrs-base-2.11.3.jar:/root/.m2/repository/com/fasterxml/jackson/module/jackson-module-jaxb-annotations/2.11.3/jackson-module-jaxb-annotations-2.11.3.jar:/root/.m2/repository/com/github/java-json-tools/json-patch/1.13/json-patch-1.13.jar:/root/.m2/repository/com/github/java-json-tools/msg-simple/1.2/msg-simple-1.2.jar:/root/.m2/repository/com/github/java-json-tools/btf/1.3/btf-1.3.jar:/root/.m2/repository/com/github/java-json-tools/jackson-coreutils/2.0/jackson-coreutils-2.0.jar:/root/.m2/repository/io/quarkus/quarkus-mailer/1.9.0.CR1/quarkus-mailer-1.9.0.CR1.jar:/root/.m2/repository/io/quarkus/quarkus-vertx/1.9.0.CR1/quarkus-vertx-1.9.0.CR1.jar:/root/.m2/repository/io/quarkus/quarkus-netty/1.9.0.CR1/quarkus-netty-1.9.0.CR1.jar:/root/.m2/repository/io/netty/netty-codec/4.1.49.Final/netty-codec-4.1.49.Final.jar:/root/.m2/repository/io/netty/netty-handler/4.1.49.Final/netty-handler-4.1.49.Final.jar:/root/.m2/repository/io/smallrye/reactive/smallrye-axle-generator/1.2.1/smallrye-axle-generator-1.2.1.jar:/root/.m2/repository/io/smallrye/reactive/mutiny-reactive-streams-operators/0.9.0/mutiny-reactive-streams-operators-0.9.0.jar:/root/.m2/repository/org/eclipse/microprofile/reactive-streams-operators/microprofile-reactive-streams-operators-api/1.0.1/microprofile-reactive-streams-operators-api-1.0.1.jar:/root/.m2/repository/org/osgi/org.osgi.annotation.versioning/1.0.0/org.osgi.annotation.versioning-1.0.0.jar:/root/.m2/repository/org/eclipse/microprofile/reactive-streams-operators/microprofile-reactive-streams-operators-core/1.0.1/microprofile-reactive-streams-operators-core-1.0.1.jar:/root/.m2/repository/io/smallrye/reactive/smallrye-axle-core/1.2.1/smallrye-axle-core-1.2.1.jar:/root/.m2/repository/io/vertx/vertx-rx-java2/3.9.3/vertx-rx-java2-3.9.3.jar:/root/.m2/repository/io/reactivex/rxjava2/rxjava/2.2.19/rxjava-2.2.19.jar:/root/.m2/repository/io/vertx/vertx-rx-gen/3.9.3/vertx-rx-gen-3.9.3.jar:/root/.m2/repository/io/vertx/vertx-codegen/3.9.3/vertx-codegen-3.9.3.jar:/root/.m2/repository/org/mvel/mvel2/2.4.7.Final/mvel2-2.4.7.Final.jar:/root/.m2/repository/io/smallrye/reactive/smallrye-mutiny-vertx-core/1.2.1/smallrye-mutiny-vertx-core-1.2.1.jar:/root/.m2/repository/io/smallrye/reactive/smallrye-mutiny-vertx-runtime/1.2.1/smallrye-mutiny-vertx-runtime-1.2.1.jar:/root/.m2/repository/io/smallrye/reactive/vertx-mutiny-generator/1.2.1/vertx-mutiny-generator-1.2.1.jar:/root/.m2/repository/io/quarkus/quarkus-qute/1.9.0.CR1/quarkus-qute-1.9.0.CR1.jar:/root/.m2/repository/io/quarkus/qute/qute-core/1.9.0.CR1/qute-core-1.9.0.CR1.jar:/root/.m2/repository/io/quarkus/quarkus-mutiny/1.9.0.CR1/quarkus-mutiny-1.9.0.CR1.jar:/root/.m2/repository/io/smallrye/reactive/mutiny/0.9.0/mutiny-0.9.0.jar:/root/.m2/repository/io/quarkus/quarkus-smallrye-context-propagation/1.9.0.CR1/quarkus-smallrye-context-propagation-1.9.0.CR1.jar:/root/.m2/repository/io/smallrye/smallrye-context-propagation/1.0.13/smallrye-context-propagation-1.0.13.jar:/root/.m2/repository/io/smallrye/smallrye-context-propagation-api/1.0.13/smallrye-context-propagation-api-1.0.13.jar:/root/.m2/repository/io/smallrye/reactive/mutiny-context-propagation/0.9.0/mutiny-context-propagation-0.9.0.jar:/root/.m2/repository/io/smallrye/reactive/smallrye-mutiny-vertx-mail-client/1.2.1/smallrye-mutiny-vertx-mail-client-1.2.1.jar:/root/.m2/repository/io/vertx/vertx-mail-client/3.9.3/vertx-mail-client-3.9.3.jar:/root/.m2/repository/io/smallrye/reactive/smallrye-axle-mail-client/1.2.1/smallrye-axle-mail-client-1.2.1.jar:/root/.m2/repository/io/quarkus/quarkus-arc/1.9.0.CR1/quarkus-arc-1.9.0.CR1.jar:/root/.m2/repository/io/quarkus/arc/arc/1.9.0.CR1/arc-1.9.0.CR1.jar:/root/.m2/repository/org/eclipse/microprofile/context-propagation/microprofile-context-propagation-api/1.0.1/microprofile-context-propagation-api-1.0.1.jar:/root/.m2/repository/io/quarkus/quarkus-junit5/1.9.0.CR1/quarkus-junit5-1.9.0.CR1.jar:/root/.m2/repository/io/quarkus/quarkus-bootstrap-core/1.9.0.CR1/quarkus-bootstrap-core-1.9.0.CR1.jar:/root/.m2/repository/io/quarkus/quarkus-bootstrap-app-model/1.9.0.CR1/quarkus-bootstrap-app-model-1.9.0.CR1.jar:/root/.m2/repository/io/quarkus/quarkus-bootstrap-maven-resolver/1.9.0.CR1/quarkus-bootstrap-maven-resolver-1.9.0.CR1.jar:/root/.m2/repository/org/apache/maven/maven-embedder/3.6.3/maven-embedder-3.6.3.jar:/root/.m2/repository/org/apache/maven/maven-settings/3.6.3/maven-settings-3.6.3.jar:/root/.m2/repository/org/apache/maven/maven-core/3.6.3/maven-core-3.6.3.jar:/root/.m2/repository/org/apache/maven/maven-artifact/3.6.3/maven-artifact-3.6.3.jar:/root/.m2/repository/org/codehaus/plexus/plexus-component-annotations/2.1.0/plexus-component-annotations-2.1.0.jar:/root/.m2/repository/org/apache/maven/maven-plugin-api/3.6.3/maven-plugin-api-3.6.3.jar:/root/.m2/repository/org/apache/maven/maven-model/3.6.3/maven-model-3.6.3.jar:/root/.m2/repository/org/apache/maven/maven-model-builder/3.6.3/maven-model-builder-3.6.3.jar:/root/.m2/repository/org/apache/maven/maven-builder-support/3.6.3/maven-builder-support-3.6.3.jar:/root/.m2/repository/org/apache/maven/resolver/maven-resolver-api/1.4.1/maven-resolver-api-1.4.1.jar:/root/.m2/repository/org/apache/maven/resolver/maven-resolver-util/1.4.1/maven-resolver-util-1.4.1.jar:/root/.m2/repository/org/apache/maven/shared/maven-shared-utils/3.2.1/maven-shared-utils-3.2.1.jar:/root/.m2/repository/commons-io/commons-io/2.8.0/commons-io-2.8.0.jar:/root/.m2/repository/com/google/inject/guice/4.2.1/guice-4.2.1-no_aop.jar:/root/.m2/repository/com/google/guava/guava/29.0-jre/guava-29.0-jre.jar:/root/.m2/repository/com/google/guava/failureaccess/1.0.1/failureaccess-1.0.1.jar:/root/.m2/repository/com/google/guava/listenablefuture/9999.0-empty-to-avoid-conflict-with-guava/listenablefuture-9999.0-empty-to-avoid-conflict-with-guava.jar:/root/.m2/repository/org/codehaus/plexus/plexus-utils/3.2.1/plexus-utils-3.2.1.jar:/root/.m2/repository/org/codehaus/plexus/plexus-classworlds/2.5.2/plexus-classworlds-2.5.2.jar:/root/.m2/repository/commons-cli/commons-cli/1.4/commons-cli-1.4.jar:/root/.m2/repository/org/eclipse/sisu/org.eclipse.sisu.plexus/0.3.4/org.eclipse.sisu.plexus-0.3.4.jar:/root/.m2/repository/org/apache/maven/maven-settings-builder/3.6.3/maven-settings-builder-3.6.3.jar:/root/.m2/repository/org/codehaus/plexus/plexus-interpolation/1.25/plexus-interpolation-1.25.jar:/root/.m2/repository/org/sonatype/plexus/plexus-sec-dispatcher/1.4/plexus-sec-dispatcher-1.4.jar:/root/.m2/repository/org/sonatype/plexus/plexus-cipher/1.4/plexus-cipher-1.4.jar:/root/.m2/repository/org/apache/maven/maven-resolver-provider/3.6.3/maven-resolver-provider-3.6.3.jar:/root/.m2/repository/org/apache/maven/maven-repository-metadata/3.6.3/maven-repository-metadata-3.6.3.jar:/root/.m2/repository/org/apache/maven/resolver/maven-resolver-spi/1.4.1/maven-resolver-spi-1.4.1.jar:/root/.m2/repository/org/apache/maven/resolver/maven-resolver-impl/1.4.1/maven-resolver-impl-1.4.1.jar:/root/.m2/repository/org/apache/maven/resolver/maven-resolver-connector-basic/1.4.1/maven-resolver-connector-basic-1.4.1.jar:/root/.m2/repository/org/apache/maven/resolver/maven-resolver-transport-wagon/1.4.1/maven-resolver-transport-wagon-1.4.1.jar:/root/.m2/repository/org/apache/maven/wagon/wagon-http/3.3.4/wagon-http-3.3.4.jar:/root/.m2/repository/org/apache/maven/wagon/wagon-http-shared/3.3.4/wagon-http-shared-3.3.4.jar:/root/.m2/repository/org/jsoup/jsoup/1.12.1/jsoup-1.12.1.jar:/root/.m2/repository/org/apache/maven/wagon/wagon-provider-api/3.3.4/wagon-provider-api-3.3.4.jar:/root/.m2/repository/org/apache/maven/wagon/wagon-file/3.3.4/wagon-file-3.3.4.jar:/root/.m2/repository/io/quarkus/quarkus-bootstrap-gradle-resolver/1.9.0.CR1/quarkus-bootstrap-gradle-resolver-1.9.0.CR1.jar:/root/.m2/repository/io/smallrye/common/smallrye-common-io/1.4.0/smallrye-common-io-1.4.0.jar:/root/.m2/repository/org/eclipse/sisu/org.eclipse.sisu.inject/0.3.4/org.eclipse.sisu.inject-0.3.4.jar:/root/.m2/repository/io/quarkus/quarkus-test-common/1.9.0.CR1/quarkus-test-common-1.9.0.CR1.jar:/root/.m2/repository/io/quarkus/quarkus-core-deployment/1.9.0.CR1/quarkus-core-deployment-1.9.0.CR1.jar:/root/.m2/repository/io/quarkus/gizmo/gizmo/1.0.4.Final/gizmo-1.0.4.Final.jar:/root/.m2/repository/org/ow2/asm/asm-util/8.0.1/asm-util-8.0.1.jar:/root/.m2/repository/org/ow2/asm/asm-tree/8.0.1/asm-tree-8.0.1.jar:/root/.m2/repository/org/ow2/asm/asm-analysis/8.0.1/asm-analysis-8.0.1.jar:/root/.m2/repository/io/quarkus/quarkus-devtools-utilities/1.9.0.CR1/quarkus-devtools-utilities-1.9.0.CR1.jar:/root/.m2/repository/io/quarkus/quarkus-builder/1.9.0.CR1/quarkus-builder-1.9.0.CR1.jar:/root/.m2/repository/io/quarkus/quarkus-jsonp-deployment/1.9.0.CR1/quarkus-jsonp-deployment-1.9.0.CR1.jar:/root/.m2/repository/org/junit/jupiter/junit-jupiter/5.7.0/junit-jupiter-5.7.0.jar:/root/.m2/repository/org/junit/jupiter/junit-jupiter-api/5.7.0/junit-jupiter-api-5.7.0.jar:/root/.m2/repository/org/apiguardian/apiguardian-api/1.1.0/apiguardian-api-1.1.0.jar:/root/.m2/repository/org/opentest4j/opentest4j/1.2.0/opentest4j-1.2.0.jar:/root/.m2/repository/org/junit/platform/junit-platform-commons/1.7.0/junit-platform-commons-1.7.0.jar:/root/.m2/repository/org/junit/jupiter/junit-jupiter-params/5.7.0/junit-jupiter-params-5.7.0.jar:/root/.m2/repository/org/junit/jupiter/junit-jupiter-engine/5.7.0/junit-jupiter-engine-5.7.0.jar:/root/.m2/repository/org/junit/platform/junit-platform-engine/1.7.0/junit-platform-engine-1.7.0.jar:/root/.m2/repository/com/thoughtworks/xstream/xstream/1.4.11.1/xstream-1.4.11.1.jar:/root/.m2/repository/xmlpull/xmlpull/1.1.3.1/xmlpull-1.1.3.1.jar:/root/.m2/repository/xpp3/xpp3_min/1.1.4c/xpp3_min-1.1.4c.jar:/root/.m2/repository/io/rest-assured/rest-assured/4.3.0/rest-assured-4.3.0.jar:/root/.m2/repository/org/codehaus/groovy/groovy/3.0.5/groovy-3.0.5.jar:/root/.m2/repository/org/codehaus/groovy/groovy-xml/3.0.2/groovy-xml-3.0.2.jar:/root/.m2/repository/org/apache/httpcomponents/httpclient/4.5.12/httpclient-4.5.12.jar:/root/.m2/repository/org/apache/httpcomponents/httpmime/4.5.12/httpmime-4.5.12.jar:/root/.m2/repository/org/hamcrest/hamcrest/2.1/hamcrest-2.1.jar:/root/.m2/repository/org/ccil/cowan/tagsoup/tagsoup/1.2.1/tagsoup-1.2.1.jar:/root/.m2/repository/io/rest-assured/json-path/4.3.0/json-path-4.3.0.jar:/root/.m2/repository/org/codehaus/groovy/groovy-json/3.0.5/groovy-json-3.0.5.jar:/root/.m2/repository/io/rest-assured/rest-assured-common/4.3.0/rest-assured-common-4.3.0.jar:/root/.m2/repository/io/rest-assured/xml-path/4.3.0/xml-path-4.3.0.jar:/root/.m2/repository/jakarta/xml/bind/jakarta.xml.bind-api/2.3.2/jakarta.xml.bind-api-2.3.2.jar:/root/.m2/repository/com/sun/xml/bind/jaxb-osgi/2.3.0.1/jaxb-osgi-2.3.0.1.jar:/root/.m2/repository/org/apache/sling/org.apache.sling.javax.activation/0.1.0/org.apache.sling.javax.activation-0.1.0.jar:/root/.m2/repository/io/quarkus/quarkus-spring-web/1.9.0.CR1/quarkus-spring-web-1.9.0.CR1.jar:/root/.m2/repository/org/jboss/resteasy/resteasy-spring-web/4.5.8.Final/resteasy-spring-web-4.5.8.Final.jar:/root/.m2/repository/org/jboss/resteasy/resteasy-core/4.5.8.Final/resteasy-core-4.5.8.Final.jar:/root/.m2/repository/org/jboss/resteasy/resteasy-core-spi/4.5.8.Final/resteasy-core-spi-4.5.8.Final.jar:/root/.m2/repository/com/ibm/async/asyncutil/0.1.0/asyncutil-0.1.0.jar:/root/.m2/repository/org/jboss/spec/javax/annotation/jboss-annotations-api_1.3_spec/2.0.1.Final/jboss-annotations-api_1.3_spec-2.0.1.Final.jar:/root/.m2/repository/jakarta/enterprise/jakarta.enterprise.cdi-api/2.0.2/jakarta.enterprise.cdi-api-2.0.2.jar:/root/.m2/repository/jakarta/el/jakarta.el-api/3.0.3/jakarta.el-api-3.0.3.jar:/root/.m2/repository/jakarta/interceptor/jakarta.interceptor-api/1.2.5/jakarta.interceptor-api-1.2.5.jar:/root/.m2/repository/jakarta/ejb/jakarta.ejb-api/3.2.6/jakarta.ejb-api-3.2.6.jar:/root/.m2/repository/io/quarkus/quarkus-spring-di/1.9.0.CR1/quarkus-spring-di-1.9.0.CR1.jar:/root/.m2/repository/io/quarkus/quarkus-spring-beans-api/5.2.SP4/quarkus-spring-beans-api-5.2.SP4.jar:/root/.m2/repository/io/quarkus/quarkus-spring-web-api/5.2.SP4/quarkus-spring-web-api-5.2.SP4.jar:/root/.m2/repository/io/quarkus/quarkus-spring-webmvc-api/5.2.SP4/quarkus-spring-webmvc-api-5.2.SP4.jar:/root/.m2/repository/io/quarkus/quarkus-spring-core-api/5.2.SP4/quarkus-spring-core-api-5.2.SP4.jar:/root/.m2/repository/io/quarkus/quarkus-spring-context-api/5.2.SP4/quarkus-spring-context-api-5.2.SP4.jar:/root/.m2/repository/net/sourceforge/jexcelapi/jxl/2.6.12/jxl-2.6.12.jar:/root/.m2/repository/log4j/log4j/1.2.14/log4j-1.2.14.jar:/root/.m2/repository/net/gjerull/etherpad/etherpad_lite_client/1.2.13/etherpad_lite_client-1.2.13.jar:/root/.m2/repository/com/googlecode/json-simple/json-simple/1.1.1/json-simple-1.1.1.jar:/root/.m2/repository/junit/junit/4.12/junit-4.12.jar:/root/.m2/repository/org/hamcrest/hamcrest-core/1.3/hamcrest-core-1.3.jar:/root/.m2/repository/org/mnode/ical4j/ical4j/3.0.20/ical4j-3.0.20.jar:/root/.m2/repository/org/slf4j/slf4j-api/1.7.30/slf4j-api-1.7.30.jar:/root/.m2/repository/commons-codec/commons-codec/1.14/commons-codec-1.14.jar:/root/.m2/repository/org/apache/commons/commons-lang3/3.9/commons-lang3-3.9.jar:/root/.m2/repository/org/apache/commons/commons-collections4/4.1/commons-collections4-4.1.jar:/root/.m2/repository/com/sun/mail/javax.mail/1.6.2/javax.mail-1.6.2.jar:/root/.m2/repository/javax/activation/activation/1.1/activation-1.1.jar:/root/.m2/repository/org/apache/httpcomponents/httpasyncclient/4.1.4/httpasyncclient-4.1.4.jar:/root/.m2/repository/org/apache/httpcomponents/httpcore/4.4.13/httpcore-4.4.13.jar:/root/.m2/repository/org/apache/httpcomponents/httpcore-nio/4.4.13/httpcore-nio-4.4.13.jar:/root/.m2/repository/javax/cache/cache-api/1.1.1/cache-api-1.1.1.jar:/root/.m2/repository/org/jsr107/ri/cache-ri-impl/1.1.1/cache-ri-impl-1.1.1.jar:/root/.m2/repository/org/jboss/logging/commons-logging-jboss-logging/1.0.0.Final/commons-logging-jboss-logging-1.0.0.Final.jar:/root/.m2/repository/org/jboss/logging/jboss-logging/3.4.1.Final/jboss-logging-3.4.1.Final.jar:/root/.m2/repository/org/jboss/logmanager/log4j-jboss-logmanager/1.2.0.Final/log4j-jboss-logmanager-1.2.0.Final.jar:/root/.m2/repository/org/jboss/logmanager/jboss-logmanager/2.1.10.Final/jboss-logmanager-2.1.10.Final.jar:/root/.m2/repository/org/jboss/slf4j/slf4j-jboss-logging/1.2.1.Final/slf4j-jboss-logging-1.2.1.Final.jar:"/>
    <property name="java.vm.vendor" value="Ubuntu"/>
    <property name="sun.arch.data.model" value="64"/>
    <property name="java.vendor.url" value="https://ubuntu.com/"/>
    <property name="user.timezone" value=""/>
    <property name="java.vm.specification.version" value="11"/>
    <property name="os.name" value="Linux"/>
    <property name="sun.java.launcher" value="SUN_STANDARD"/>
    <property name="user.country" value="US"/>
    <property name="sun.boot.library.path" value="/usr/lib/jvm/java-11-openjdk-amd64/lib"/>
    <property name="sun.java.command" value="/api/target/surefire/surefirebooter9580960072274612710.jar /api/target/surefire 2021-01-22T15-30-14_490-jvmRun1 surefire16938278381095518874tmp surefire_09042493794569699359tmp"/>
    <property name="jdk.debug" value="release"/>
    <property name="maven.home" value="/root/.m2/wrapper/dists/apache-maven-3.6.3-bin/1iopthnavndlasol9gbrbg6bf2/apache-maven-3.6.3"/>
    <property name="surefire.test.class.path" value="/api/target/test-classes:/api/target/classes:/root/.m2/repository/io/quarkus/quarkus-hibernate-orm/1.9.0.CR1/quarkus-hibernate-orm-1.9.0.CR1.jar:/root/.m2/repository/io/quarkus/quarkus-core/1.9.0.CR1/quarkus-core-1.9.0.CR1.jar:/root/.m2/repository/jakarta/annotation/jakarta.annotation-api/1.3.5/jakarta.annotation-api-1.3.5.jar:/root/.m2/repository/io/quarkus/quarkus-ide-launcher/1.9.0.CR1/quarkus-ide-launcher-1.9.0.CR1.jar:/root/.m2/repository/io/quarkus/quarkus-development-mode-spi/1.9.0.CR1/quarkus-development-mode-spi-1.9.0.CR1.jar:/root/.m2/repository/io/smallrye/config/smallrye-config/1.9.1/smallrye-config-1.9.1.jar:/root/.m2/repository/io/smallrye/common/smallrye-common-annotation/1.4.0/smallrye-common-annotation-1.4.0.jar:/root/.m2/repository/io/smallrye/common/smallrye-common-expression/1.4.0/smallrye-common-expression-1.4.0.jar:/root/.m2/repository/io/smallrye/common/smallrye-common-function/1.4.0/smallrye-common-function-1.4.0.jar:/root/.m2/repository/io/smallrye/common/smallrye-common-classloader/1.4.0/smallrye-common-classloader-1.4.0.jar:/root/.m2/repository/org/ow2/asm/asm/8.0.1/asm-8.0.1.jar:/root/.m2/repository/org/jboss/logmanager/jboss-logmanager-embedded/1.0.4/jboss-logmanager-embedded-1.0.4.jar:/root/.m2/repository/org/jboss/logging/jboss-logging-annotations/2.1.0.Final/jboss-logging-annotations-2.1.0.Final.jar:/root/.m2/repository/org/jboss/threads/jboss-threads/3.1.1.Final/jboss-threads-3.1.1.Final.jar:/root/.m2/repository/org/graalvm/sdk/graal-sdk/20.2.0/graal-sdk-20.2.0.jar:/root/.m2/repository/org/wildfly/common/wildfly-common/1.5.4.Final-format-001/wildfly-common-1.5.4.Final-format-001.jar:/root/.m2/repository/io/quarkus/quarkus-bootstrap-runner/1.9.0.CR1/quarkus-bootstrap-runner-1.9.0.CR1.jar:/root/.m2/repository/io/quarkus/quarkus-agroal/1.9.0.CR1/quarkus-agroal-1.9.0.CR1.jar:/root/.m2/repository/io/quarkus/quarkus-datasource/1.9.0.CR1/quarkus-datasource-1.9.0.CR1.jar:/root/.m2/repository/io/quarkus/quarkus-datasource-common/1.9.0.CR1/quarkus-datasource-common-1.9.0.CR1.jar:/root/.m2/repository/org/jboss/narayana/jta/narayana-jta/5.10.6.Final/narayana-jta-5.10.6.Final.jar:/root/.m2/repository/org/jboss/jboss-transaction-spi/7.6.0.Final/jboss-transaction-spi-7.6.0.Final.jar:/root/.m2/repository/org/jboss/spec/javax/resource/jboss-connector-api_1.7_spec/1.0.0.Final/jboss-connector-api_1.7_spec-1.0.0.Final.jar:/root/.m2/repository/org/jboss/narayana/jts/narayana-jts-integration/5.10.6.Final/narayana-jts-integration-5.10.6.Final.jar:/root/.m2/repository/io/agroal/agroal-api/1.8/agroal-api-1.8.jar:/root/.m2/repository/io/agroal/agroal-narayana/1.8/agroal-narayana-1.8.jar:/root/.m2/repository/io/agroal/agroal-pool/1.8/agroal-pool-1.8.jar:/root/.m2/repository/io/quarkus/quarkus-credentials/1.9.0.CR1/quarkus-credentials-1.9.0.CR1.jar:/root/.m2/repository/io/quarkus/quarkus-narayana-jta/1.9.0.CR1/quarkus-narayana-jta-1.9.0.CR1.jar:/root/.m2/repository/io/smallrye/smallrye-context-propagation-jta/1.0.13/smallrye-context-propagation-jta-1.0.13.jar:/root/.m2/repository/io/smallrye/reactive/smallrye-reactive-converter-api/1.1.0/smallrye-reactive-converter-api-1.1.0.jar:/root/.m2/repository/org/reactivestreams/reactive-streams/1.0.3/reactive-streams-1.0.3.jar:/root/.m2/repository/io/smallrye/reactive/smallrye-reactive-converter-mutiny/1.1.0/smallrye-reactive-converter-mutiny-1.1.0.jar:/root/.m2/repository/org/hibernate/hibernate-core/5.4.22.Final/hibernate-core-5.4.22.Final.jar:/root/.m2/repository/net/bytebuddy/byte-buddy/1.10.10/byte-buddy-1.10.10.jar:/root/.m2/repository/antlr/antlr/2.7.7/antlr-2.7.7.jar:/root/.m2/repository/org/jboss/jandex/2.2.1.Final/jandex-2.2.1.Final.jar:/root/.m2/repository/com/fasterxml/classmate/1.3.4/classmate-1.3.4.jar:/root/.m2/repository/org/dom4j/dom4j/2.1.3/dom4j-2.1.3.jar:/root/.m2/repository/org/hibernate/common/hibernate-commons-annotations/5.1.0.Final/hibernate-commons-annotations-5.1.0.Final.jar:/root/.m2/repository/org/hibernate/hibernate-graalvm/5.4.22.Final/hibernate-graalvm-5.4.22.Final.jar:/root/.m2/repository/org/glassfish/jaxb/jaxb-runtime/2.3.3-b02/jaxb-runtime-2.3.3-b02.jar:/root/.m2/repository/org/glassfish/jaxb/txw2/2.3.3-b02/txw2-2.3.3-b02.jar:/root/.m2/repository/com/sun/istack/istack-commons-runtime/3.0.10/istack-commons-runtime-3.0.10.jar:/root/.m2/repository/com/sun/activation/jakarta.activation/1.2.1/jakarta.activation-1.2.1.jar:/root/.m2/repository/org/jboss/spec/javax/xml/bind/jboss-jaxb-api_2.3_spec/2.0.0.Final/jboss-jaxb-api_2.3_spec-2.0.0.Final.jar:/root/.m2/repository/jakarta/persistence/jakarta.persistence-api/2.2.3/jakarta.persistence-api-2.2.3.jar:/root/.m2/repository/jakarta/transaction/jakarta.transaction-api/1.3.3/jakarta.transaction-api-1.3.3.jar:/root/.m2/repository/org/hibernate/quarkus-local-cache/0.1.0/quarkus-local-cache-0.1.0.jar:/root/.m2/repository/com/github/ben-manes/caffeine/caffeine/2.8.5/caffeine-2.8.5.jar:/root/.m2/repository/org/checkerframework/checker-qual/2.5.2/checker-qual-2.5.2.jar:/root/.m2/repository/com/google/errorprone/error_prone_annotations/2.2.0/error_prone_annotations-2.2.0.jar:/root/.m2/repository/io/quarkus/quarkus-caffeine/1.9.0.CR1/quarkus-caffeine-1.9.0.CR1.jar:/root/.m2/repository/io/quarkus/quarkus-flyway/1.9.0.CR1/quarkus-flyway-1.9.0.CR1.jar:/root/.m2/repository/org/flywaydb/flyway-core/6.5.7/flyway-core-6.5.7.jar:/root/.m2/repository/io/quarkus/quarkus-config-yaml/1.9.0.CR1/quarkus-config-yaml-1.9.0.CR1.jar:/root/.m2/repository/io/smallrye/config/smallrye-config-source-yaml/1.9.1/smallrye-config-source-yaml-1.9.1.jar:/root/.m2/repository/org/yaml/snakeyaml/1.27/snakeyaml-1.27.jar:/root/.m2/repository/io/smallrye/config/smallrye-config-common/1.9.1/smallrye-config-common-1.9.1.jar:/root/.m2/repository/io/smallrye/common/smallrye-common-constraint/1.4.0/smallrye-common-constraint-1.4.0.jar:/root/.m2/repository/org/eclipse/microprofile/config/microprofile-config-api/1.4/microprofile-config-api-1.4.jar:/root/.m2/repository/io/quarkus/quarkus-hibernate-orm-rest-data-panache/1.9.0.CR1/quarkus-hibernate-orm-rest-data-panache-1.9.0.CR1.jar:/root/.m2/repository/io/quarkus/quarkus-rest-data-panache/1.9.0.CR1/quarkus-rest-data-panache-1.9.0.CR1.jar:/root/.m2/repository/org/jboss/resteasy/resteasy-links/4.5.8.Final/resteasy-links-4.5.8.Final.jar:/root/.m2/repository/org/jboss/spec/javax/ws/rs/jboss-jaxrs-api_2.1_spec/2.0.1.Final/jboss-jaxrs-api_2.1_spec-2.0.1.Final.jar:/root/.m2/repository/org/jboss/spec/javax/el/jboss-el-api_3.0_spec/2.0.0.Final/jboss-el-api_3.0_spec-2.0.0.Final.jar:/root/.m2/repository/io/quarkus/quarkus-hibernate-orm-panache/1.9.0.CR1/quarkus-hibernate-orm-panache-1.9.0.CR1.jar:/root/.m2/repository/io/quarkus/quarkus-hibernate-orm-panache-common/1.9.0.CR1/quarkus-hibernate-orm-panache-common-1.9.0.CR1.jar:/root/.m2/repository/io/quarkus/quarkus-panache-hibernate-common/1.9.0.CR1/quarkus-panache-hibernate-common-1.9.0.CR1.jar:/root/.m2/repository/io/quarkus/quarkus-panache-common/1.9.0.CR1/quarkus-panache-common-1.9.0.CR1.jar:/root/.m2/repository/io/quarkus/quarkus-resteasy/1.9.0.CR1/quarkus-resteasy-1.9.0.CR1.jar:/root/.m2/repository/io/quarkus/quarkus-vertx-http/1.9.0.CR1/quarkus-vertx-http-1.9.0.CR1.jar:/root/.m2/repository/io/quarkus/quarkus-security-runtime-spi/1.9.0.CR1/quarkus-security-runtime-spi-1.9.0.CR1.jar:/root/.m2/repository/io/quarkus/security/quarkus-security/1.1.3.Final/quarkus-security-1.1.3.Final.jar:/root/.m2/repository/io/quarkus/quarkus-vertx-core/1.9.0.CR1/quarkus-vertx-core-1.9.0.CR1.jar:/root/.m2/repository/io/vertx/vertx-core/3.9.3/vertx-core-3.9.3.jar:/root/.m2/repository/io/netty/netty-common/4.1.49.Final/netty-common-4.1.49.Final.jar:/root/.m2/repository/io/netty/netty-buffer/4.1.49.Final/netty-buffer-4.1.49.Final.jar:/root/.m2/repository/io/netty/netty-transport/4.1.49.Final/netty-transport-4.1.49.Final.jar:/root/.m2/repository/io/netty/netty-handler-proxy/4.1.49.Final/netty-handler-proxy-4.1.49.Final.jar:/root/.m2/repository/io/netty/netty-codec-socks/4.1.49.Final/netty-codec-socks-4.1.49.Final.jar:/root/.m2/repository/io/netty/netty-codec-http/4.1.49.Final/netty-codec-http-4.1.49.Final.jar:/root/.m2/repository/io/netty/netty-codec-http2/4.1.49.Final/netty-codec-http2-4.1.49.Final.jar:/root/.m2/repository/io/netty/netty-resolver/4.1.49.Final/netty-resolver-4.1.49.Final.jar:/root/.m2/repository/io/netty/netty-resolver-dns/4.1.49.Final/netty-resolver-dns-4.1.49.Final.jar:/root/.m2/repository/io/netty/netty-codec-dns/4.1.49.Final/netty-codec-dns-4.1.49.Final.jar:/root/.m2/repository/io/vertx/vertx-web/3.9.3/vertx-web-3.9.3.jar:/root/.m2/repository/io/vertx/vertx-web-common/3.9.3/vertx-web-common-3.9.3.jar:/root/.m2/repository/io/vertx/vertx-auth-common/3.9.3/vertx-auth-common-3.9.3.jar:/root/.m2/repository/io/vertx/vertx-bridge-common/3.9.3/vertx-bridge-common-3.9.3.jar:/root/.m2/repository/io/quarkus/quarkus-resteasy-server-common/1.9.0.CR1/quarkus-resteasy-server-common-1.9.0.CR1.jar:/root/.m2/repository/io/quarkus/quarkus-resteasy-common/1.9.0.CR1/quarkus-resteasy-common-1.9.0.CR1.jar:/root/.m2/repository/jakarta/validation/jakarta.validation-api/2.0.2/jakarta.validation-api-2.0.2.jar:/root/.m2/repository/io/quarkus/quarkus-scheduler/1.9.0.CR1/quarkus-scheduler-1.9.0.CR1.jar:/root/.m2/repository/com/cronutils/cron-utils/9.1.1/cron-utils-9.1.1.jar:/root/.m2/repository/io/quarkus/quarkus-jdbc-mysql/1.9.0.CR1/quarkus-jdbc-mysql-1.9.0.CR1.jar:/root/.m2/repository/mysql/mysql-connector-java/8.0.21/mysql-connector-java-8.0.21.jar:/root/.m2/repository/io/quarkus/quarkus-smallrye-metrics/1.9.0.CR1/quarkus-smallrye-metrics-1.9.0.CR1.jar:/root/.m2/repository/io/smallrye/smallrye-metrics/2.4.4/smallrye-metrics-2.4.4.jar:/root/.m2/repository/io/smallrye/smallrye-metrics-api/2.4.4/smallrye-metrics-api-2.4.4.jar:/root/.m2/repository/io/quarkus/quarkus-jsonp/1.9.0.CR1/quarkus-jsonp-1.9.0.CR1.jar:/root/.m2/repository/org/glassfish/jakarta.json/1.1.6/jakarta.json-1.1.6.jar:/root/.m2/repository/org/eclipse/microprofile/metrics/microprofile-metrics-api/2.3/microprofile-metrics-api-2.3.jar:/root/.m2/repository/io/quarkus/quarkus-smallrye-opentracing/1.9.0.CR1/quarkus-smallrye-opentracing-1.9.0.CR1.jar:/root/.m2/repository/org/eclipse/microprofile/opentracing/microprofile-opentracing-api/1.3.3/microprofile-opentracing-api-1.3.3.jar:/root/.m2/repository/io/smallrye/smallrye-opentracing/1.3.4/smallrye-opentracing-1.3.4.jar:/root/.m2/repository/org/eclipse/microprofile/rest/client/microprofile-rest-client-api/1.4.1/microprofile-rest-client-api-1.4.1.jar:/root/.m2/repository/io/opentracing/opentracing-api/0.31.0/opentracing-api-0.31.0.jar:/root/.m2/repository/io/opentracing/contrib/opentracing-jaxrs2/0.4.1/opentracing-jaxrs2-0.4.1.jar:/root/.m2/repository/io/opentracing/opentracing-noop/0.31.0/opentracing-noop-0.31.0.jar:/root/.m2/repository/io/opentracing/contrib/opentracing-web-servlet-filter/0.2.3/opentracing-web-servlet-filter-0.2.3.jar:/root/.m2/repository/io/opentracing/contrib/opentracing-concurrent/0.2.0/opentracing-concurrent-0.2.0.jar:/root/.m2/repository/io/opentracing/contrib/opentracing-interceptors/0.0.4/opentracing-interceptors-0.0.4.jar:/root/.m2/repository/io/opentracing/contrib/opentracing-tracerresolver/0.1.8/opentracing-tracerresolver-0.1.8.jar:/root/.m2/repository/io/smallrye/smallrye-fault-tolerance-tracing-propagation/4.3.1/smallrye-fault-tolerance-tracing-propagation-4.3.1.jar:/root/.m2/repository/jakarta/inject/jakarta.inject-api/1.0/jakarta.inject-api-1.0.jar:/root/.m2/repository/io/quarkus/quarkus-jaeger/1.9.0.CR1/quarkus-jaeger-1.9.0.CR1.jar:/root/.m2/repository/io/jaegertracing/jaeger-core/0.34.3/jaeger-core-0.34.3.jar:/root/.m2/repository/io/opentracing/opentracing-util/0.31.0/opentracing-util-0.31.0.jar:/root/.m2/repository/com/google/code/gson/gson/2.8.6/gson-2.8.6.jar:/root/.m2/repository/io/jaegertracing/jaeger-thrift/0.34.3/jaeger-thrift-0.34.3.jar:/root/.m2/repository/org/apache/thrift/libthrift/0.13.0/libthrift-0.13.0.jar:/root/.m2/repository/com/squareup/okhttp3/okhttp/3.14.9/okhttp-3.14.9.jar:/root/.m2/repository/com/squareup/okio/okio/1.17.2/okio-1.17.2.jar:/root/.m2/repository/jakarta/activation/jakarta.activation-api/1.2.1/jakarta.activation-api-1.2.1.jar:/root/.m2/repository/jakarta/servlet/jakarta.servlet-api/4.0.3/jakarta.servlet-api-4.0.3.jar:/root/.m2/repository/io/quarkus/quarkus-hibernate-validator/1.9.0.CR1/quarkus-hibernate-validator-1.9.0.CR1.jar:/root/.m2/repository/org/hibernate/validator/hibernate-validator/6.1.6.Final/hibernate-validator-6.1.6.Final.jar:/root/.m2/repository/org/glassfish/jakarta.el/3.0.3/jakarta.el-3.0.3.jar:/root/.m2/repository/io/quarkus/quarkus-smallrye-openapi/1.9.0.CR1/quarkus-smallrye-openapi-1.9.0.CR1.jar:/root/.m2/repository/io/smallrye/smallrye-open-api-core/2.0.10/smallrye-open-api-core-2.0.10.jar:/root/.m2/repository/org/eclipse/microprofile/openapi/microprofile-openapi-api/1.1.2/microprofile-openapi-api-1.1.2.jar:/root/.m2/repository/com/fasterxml/jackson/core/jackson-core/2.11.3/jackson-core-2.11.3.jar:/root/.m2/repository/com/fasterxml/jackson/dataformat/jackson-dataformat-yaml/2.11.3/jackson-dataformat-yaml-2.11.3.jar:/root/.m2/repository/io/quarkus/quarkus-swagger-ui/1.9.0.CR1/quarkus-swagger-ui-1.9.0.CR1.jar:/root/.m2/repository/io/quarkus/quarkus-jackson/1.9.0.CR1/quarkus-jackson-1.9.0.CR1.jar:/root/.m2/repository/com/fasterxml/jackson/core/jackson-databind/2.11.3/jackson-databind-2.11.3.jar:/root/.m2/repository/com/fasterxml/jackson/core/jackson-annotations/2.11.3/jackson-annotations-2.11.3.jar:/root/.m2/repository/com/fasterxml/jackson/datatype/jackson-datatype-jsr310/2.11.3/jackson-datatype-jsr310-2.11.3.jar:/root/.m2/repository/com/fasterxml/jackson/datatype/jackson-datatype-jdk8/2.11.3/jackson-datatype-jdk8-2.11.3.jar:/root/.m2/repository/com/fasterxml/jackson/module/jackson-module-parameter-names/2.11.3/jackson-module-parameter-names-2.11.3.jar:/root/.m2/repository/io/quarkus/quarkus-resteasy-jackson/1.9.0.CR1/quarkus-resteasy-jackson-1.9.0.CR1.jar:/root/.m2/repository/org/jboss/resteasy/resteasy-jackson2-provider/4.5.8.Final/resteasy-jackson2-provider-4.5.8.Final.jar:/root/.m2/repository/org/jboss/resteasy/resteasy-jaxb-provider/4.5.8.Final/resteasy-jaxb-provider-4.5.8.Final.jar:/root/.m2/repository/com/fasterxml/jackson/jaxrs/jackson-jaxrs-json-provider/2.11.3/jackson-jaxrs-json-provider-2.11.3.jar:/root/.m2/repository/com/fasterxml/jackson/jaxrs/jackson-jaxrs-base/2.11.3/jackson-jaxrs-base-2.11.3.jar:/root/.m2/repository/com/fasterxml/jackson/module/jackson-module-jaxb-annotations/2.11.3/jackson-module-jaxb-annotations-2.11.3.jar:/root/.m2/repository/com/github/java-json-tools/json-patch/1.13/json-patch-1.13.jar:/root/.m2/repository/com/github/java-json-tools/msg-simple/1.2/msg-simple-1.2.jar:/root/.m2/repository/com/github/java-json-tools/btf/1.3/btf-1.3.jar:/root/.m2/repository/com/github/java-json-tools/jackson-coreutils/2.0/jackson-coreutils-2.0.jar:/root/.m2/repository/io/quarkus/quarkus-mailer/1.9.0.CR1/quarkus-mailer-1.9.0.CR1.jar:/root/.m2/repository/io/quarkus/quarkus-vertx/1.9.0.CR1/quarkus-vertx-1.9.0.CR1.jar:/root/.m2/repository/io/quarkus/quarkus-netty/1.9.0.CR1/quarkus-netty-1.9.0.CR1.jar:/root/.m2/repository/io/netty/netty-codec/4.1.49.Final/netty-codec-4.1.49.Final.jar:/root/.m2/repository/io/netty/netty-handler/4.1.49.Final/netty-handler-4.1.49.Final.jar:/root/.m2/repository/io/smallrye/reactive/smallrye-axle-generator/1.2.1/smallrye-axle-generator-1.2.1.jar:/root/.m2/repository/io/smallrye/reactive/mutiny-reactive-streams-operators/0.9.0/mutiny-reactive-streams-operators-0.9.0.jar:/root/.m2/repository/org/eclipse/microprofile/reactive-streams-operators/microprofile-reactive-streams-operators-api/1.0.1/microprofile-reactive-streams-operators-api-1.0.1.jar:/root/.m2/repository/org/osgi/org.osgi.annotation.versioning/1.0.0/org.osgi.annotation.versioning-1.0.0.jar:/root/.m2/repository/org/eclipse/microprofile/reactive-streams-operators/microprofile-reactive-streams-operators-core/1.0.1/microprofile-reactive-streams-operators-core-1.0.1.jar:/root/.m2/repository/io/smallrye/reactive/smallrye-axle-core/1.2.1/smallrye-axle-core-1.2.1.jar:/root/.m2/repository/io/vertx/vertx-rx-java2/3.9.3/vertx-rx-java2-3.9.3.jar:/root/.m2/repository/io/reactivex/rxjava2/rxjava/2.2.19/rxjava-2.2.19.jar:/root/.m2/repository/io/vertx/vertx-rx-gen/3.9.3/vertx-rx-gen-3.9.3.jar:/root/.m2/repository/io/vertx/vertx-codegen/3.9.3/vertx-codegen-3.9.3.jar:/root/.m2/repository/org/mvel/mvel2/2.4.7.Final/mvel2-2.4.7.Final.jar:/root/.m2/repository/io/smallrye/reactive/smallrye-mutiny-vertx-core/1.2.1/smallrye-mutiny-vertx-core-1.2.1.jar:/root/.m2/repository/io/smallrye/reactive/smallrye-mutiny-vertx-runtime/1.2.1/smallrye-mutiny-vertx-runtime-1.2.1.jar:/root/.m2/repository/io/smallrye/reactive/vertx-mutiny-generator/1.2.1/vertx-mutiny-generator-1.2.1.jar:/root/.m2/repository/io/quarkus/quarkus-qute/1.9.0.CR1/quarkus-qute-1.9.0.CR1.jar:/root/.m2/repository/io/quarkus/qute/qute-core/1.9.0.CR1/qute-core-1.9.0.CR1.jar:/root/.m2/repository/io/quarkus/quarkus-mutiny/1.9.0.CR1/quarkus-mutiny-1.9.0.CR1.jar:/root/.m2/repository/io/smallrye/reactive/mutiny/0.9.0/mutiny-0.9.0.jar:/root/.m2/repository/io/quarkus/quarkus-smallrye-context-propagation/1.9.0.CR1/quarkus-smallrye-context-propagation-1.9.0.CR1.jar:/root/.m2/repository/io/smallrye/smallrye-context-propagation/1.0.13/smallrye-context-propagation-1.0.13.jar:/root/.m2/repository/io/smallrye/smallrye-context-propagation-api/1.0.13/smallrye-context-propagation-api-1.0.13.jar:/root/.m2/repository/io/smallrye/reactive/mutiny-context-propagation/0.9.0/mutiny-context-propagation-0.9.0.jar:/root/.m2/repository/io/smallrye/reactive/smallrye-mutiny-vertx-mail-client/1.2.1/smallrye-mutiny-vertx-mail-client-1.2.1.jar:/root/.m2/repository/io/vertx/vertx-mail-client/3.9.3/vertx-mail-client-3.9.3.jar:/root/.m2/repository/io/smallrye/reactive/smallrye-axle-mail-client/1.2.1/smallrye-axle-mail-client-1.2.1.jar:/root/.m2/repository/io/quarkus/quarkus-arc/1.9.0.CR1/quarkus-arc-1.9.0.CR1.jar:/root/.m2/repository/io/quarkus/arc/arc/1.9.0.CR1/arc-1.9.0.CR1.jar:/root/.m2/repository/org/eclipse/microprofile/context-propagation/microprofile-context-propagation-api/1.0.1/microprofile-context-propagation-api-1.0.1.jar:/root/.m2/repository/io/quarkus/quarkus-junit5/1.9.0.CR1/quarkus-junit5-1.9.0.CR1.jar:/root/.m2/repository/io/quarkus/quarkus-bootstrap-core/1.9.0.CR1/quarkus-bootstrap-core-1.9.0.CR1.jar:/root/.m2/repository/io/quarkus/quarkus-bootstrap-app-model/1.9.0.CR1/quarkus-bootstrap-app-model-1.9.0.CR1.jar:/root/.m2/repository/io/quarkus/quarkus-bootstrap-maven-resolver/1.9.0.CR1/quarkus-bootstrap-maven-resolver-1.9.0.CR1.jar:/root/.m2/repository/org/apache/maven/maven-embedder/3.6.3/maven-embedder-3.6.3.jar:/root/.m2/repository/org/apache/maven/maven-settings/3.6.3/maven-settings-3.6.3.jar:/root/.m2/repository/org/apache/maven/maven-core/3.6.3/maven-core-3.6.3.jar:/root/.m2/repository/org/apache/maven/maven-artifact/3.6.3/maven-artifact-3.6.3.jar:/root/.m2/repository/org/codehaus/plexus/plexus-component-annotations/2.1.0/plexus-component-annotations-2.1.0.jar:/root/.m2/repository/org/apache/maven/maven-plugin-api/3.6.3/maven-plugin-api-3.6.3.jar:/root/.m2/repository/org/apache/maven/maven-model/3.6.3/maven-model-3.6.3.jar:/root/.m2/repository/org/apache/maven/maven-model-builder/3.6.3/maven-model-builder-3.6.3.jar:/root/.m2/repository/org/apache/maven/maven-builder-support/3.6.3/maven-builder-support-3.6.3.jar:/root/.m2/repository/org/apache/maven/resolver/maven-resolver-api/1.4.1/maven-resolver-api-1.4.1.jar:/root/.m2/repository/org/apache/maven/resolver/maven-resolver-util/1.4.1/maven-resolver-util-1.4.1.jar:/root/.m2/repository/org/apache/maven/shared/maven-shared-utils/3.2.1/maven-shared-utils-3.2.1.jar:/root/.m2/repository/commons-io/commons-io/2.8.0/commons-io-2.8.0.jar:/root/.m2/repository/com/google/inject/guice/4.2.1/guice-4.2.1-no_aop.jar:/root/.m2/repository/com/google/guava/guava/29.0-jre/guava-29.0-jre.jar:/root/.m2/repository/com/google/guava/failureaccess/1.0.1/failureaccess-1.0.1.jar:/root/.m2/repository/com/google/guava/listenablefuture/9999.0-empty-to-avoid-conflict-with-guava/listenablefuture-9999.0-empty-to-avoid-conflict-with-guava.jar:/root/.m2/repository/org/codehaus/plexus/plexus-utils/3.2.1/plexus-utils-3.2.1.jar:/root/.m2/repository/org/codehaus/plexus/plexus-classworlds/2.5.2/plexus-classworlds-2.5.2.jar:/root/.m2/repository/commons-cli/commons-cli/1.4/commons-cli-1.4.jar:/root/.m2/repository/org/eclipse/sisu/org.eclipse.sisu.plexus/0.3.4/org.eclipse.sisu.plexus-0.3.4.jar:/root/.m2/repository/org/apache/maven/maven-settings-builder/3.6.3/maven-settings-builder-3.6.3.jar:/root/.m2/repository/org/codehaus/plexus/plexus-interpolation/1.25/plexus-interpolation-1.25.jar:/root/.m2/repository/org/sonatype/plexus/plexus-sec-dispatcher/1.4/plexus-sec-dispatcher-1.4.jar:/root/.m2/repository/org/sonatype/plexus/plexus-cipher/1.4/plexus-cipher-1.4.jar:/root/.m2/repository/org/apache/maven/maven-resolver-provider/3.6.3/maven-resolver-provider-3.6.3.jar:/root/.m2/repository/org/apache/maven/maven-repository-metadata/3.6.3/maven-repository-metadata-3.6.3.jar:/root/.m2/repository/org/apache/maven/resolver/maven-resolver-spi/1.4.1/maven-resolver-spi-1.4.1.jar:/root/.m2/repository/org/apache/maven/resolver/maven-resolver-impl/1.4.1/maven-resolver-impl-1.4.1.jar:/root/.m2/repository/org/apache/maven/resolver/maven-resolver-connector-basic/1.4.1/maven-resolver-connector-basic-1.4.1.jar:/root/.m2/repository/org/apache/maven/resolver/maven-resolver-transport-wagon/1.4.1/maven-resolver-transport-wagon-1.4.1.jar:/root/.m2/repository/org/apache/maven/wagon/wagon-http/3.3.4/wagon-http-3.3.4.jar:/root/.m2/repository/org/apache/maven/wagon/wagon-http-shared/3.3.4/wagon-http-shared-3.3.4.jar:/root/.m2/repository/org/jsoup/jsoup/1.12.1/jsoup-1.12.1.jar:/root/.m2/repository/org/apache/maven/wagon/wagon-provider-api/3.3.4/wagon-provider-api-3.3.4.jar:/root/.m2/repository/org/apache/maven/wagon/wagon-file/3.3.4/wagon-file-3.3.4.jar:/root/.m2/repository/io/quarkus/quarkus-bootstrap-gradle-resolver/1.9.0.CR1/quarkus-bootstrap-gradle-resolver-1.9.0.CR1.jar:/root/.m2/repository/io/smallrye/common/smallrye-common-io/1.4.0/smallrye-common-io-1.4.0.jar:/root/.m2/repository/org/eclipse/sisu/org.eclipse.sisu.inject/0.3.4/org.eclipse.sisu.inject-0.3.4.jar:/root/.m2/repository/io/quarkus/quarkus-test-common/1.9.0.CR1/quarkus-test-common-1.9.0.CR1.jar:/root/.m2/repository/io/quarkus/quarkus-core-deployment/1.9.0.CR1/quarkus-core-deployment-1.9.0.CR1.jar:/root/.m2/repository/io/quarkus/gizmo/gizmo/1.0.4.Final/gizmo-1.0.4.Final.jar:/root/.m2/repository/org/ow2/asm/asm-util/8.0.1/asm-util-8.0.1.jar:/root/.m2/repository/org/ow2/asm/asm-tree/8.0.1/asm-tree-8.0.1.jar:/root/.m2/repository/org/ow2/asm/asm-analysis/8.0.1/asm-analysis-8.0.1.jar:/root/.m2/repository/io/quarkus/quarkus-devtools-utilities/1.9.0.CR1/quarkus-devtools-utilities-1.9.0.CR1.jar:/root/.m2/repository/io/quarkus/quarkus-builder/1.9.0.CR1/quarkus-builder-1.9.0.CR1.jar:/root/.m2/repository/io/quarkus/quarkus-jsonp-deployment/1.9.0.CR1/quarkus-jsonp-deployment-1.9.0.CR1.jar:/root/.m2/repository/org/junit/jupiter/junit-jupiter/5.7.0/junit-jupiter-5.7.0.jar:/root/.m2/repository/org/junit/jupiter/junit-jupiter-api/5.7.0/junit-jupiter-api-5.7.0.jar:/root/.m2/repository/org/apiguardian/apiguardian-api/1.1.0/apiguardian-api-1.1.0.jar:/root/.m2/repository/org/opentest4j/opentest4j/1.2.0/opentest4j-1.2.0.jar:/root/.m2/repository/org/junit/platform/junit-platform-commons/1.7.0/junit-platform-commons-1.7.0.jar:/root/.m2/repository/org/junit/jupiter/junit-jupiter-params/5.7.0/junit-jupiter-params-5.7.0.jar:/root/.m2/repository/org/junit/jupiter/junit-jupiter-engine/5.7.0/junit-jupiter-engine-5.7.0.jar:/root/.m2/repository/org/junit/platform/junit-platform-engine/1.7.0/junit-platform-engine-1.7.0.jar:/root/.m2/repository/com/thoughtworks/xstream/xstream/1.4.11.1/xstream-1.4.11.1.jar:/root/.m2/repository/xmlpull/xmlpull/1.1.3.1/xmlpull-1.1.3.1.jar:/root/.m2/repository/xpp3/xpp3_min/1.1.4c/xpp3_min-1.1.4c.jar:/root/.m2/repository/io/rest-assured/rest-assured/4.3.0/rest-assured-4.3.0.jar:/root/.m2/repository/org/codehaus/groovy/groovy/3.0.5/groovy-3.0.5.jar:/root/.m2/repository/org/codehaus/groovy/groovy-xml/3.0.2/groovy-xml-3.0.2.jar:/root/.m2/repository/org/apache/httpcomponents/httpclient/4.5.12/httpclient-4.5.12.jar:/root/.m2/repository/org/apache/httpcomponents/httpmime/4.5.12/httpmime-4.5.12.jar:/root/.m2/repository/org/hamcrest/hamcrest/2.1/hamcrest-2.1.jar:/root/.m2/repository/org/ccil/cowan/tagsoup/tagsoup/1.2.1/tagsoup-1.2.1.jar:/root/.m2/repository/io/rest-assured/json-path/4.3.0/json-path-4.3.0.jar:/root/.m2/repository/org/codehaus/groovy/groovy-json/3.0.5/groovy-json-3.0.5.jar:/root/.m2/repository/io/rest-assured/rest-assured-common/4.3.0/rest-assured-common-4.3.0.jar:/root/.m2/repository/io/rest-assured/xml-path/4.3.0/xml-path-4.3.0.jar:/root/.m2/repository/jakarta/xml/bind/jakarta.xml.bind-api/2.3.2/jakarta.xml.bind-api-2.3.2.jar:/root/.m2/repository/com/sun/xml/bind/jaxb-osgi/2.3.0.1/jaxb-osgi-2.3.0.1.jar:/root/.m2/repository/org/apache/sling/org.apache.sling.javax.activation/0.1.0/org.apache.sling.javax.activation-0.1.0.jar:/root/.m2/repository/io/quarkus/quarkus-spring-web/1.9.0.CR1/quarkus-spring-web-1.9.0.CR1.jar:/root/.m2/repository/org/jboss/resteasy/resteasy-spring-web/4.5.8.Final/resteasy-spring-web-4.5.8.Final.jar:/root/.m2/repository/org/jboss/resteasy/resteasy-core/4.5.8.Final/resteasy-core-4.5.8.Final.jar:/root/.m2/repository/org/jboss/resteasy/resteasy-core-spi/4.5.8.Final/resteasy-core-spi-4.5.8.Final.jar:/root/.m2/repository/com/ibm/async/asyncutil/0.1.0/asyncutil-0.1.0.jar:/root/.m2/repository/org/jboss/spec/javax/annotation/jboss-annotations-api_1.3_spec/2.0.1.Final/jboss-annotations-api_1.3_spec-2.0.1.Final.jar:/root/.m2/repository/jakarta/enterprise/jakarta.enterprise.cdi-api/2.0.2/jakarta.enterprise.cdi-api-2.0.2.jar:/root/.m2/repository/jakarta/el/jakarta.el-api/3.0.3/jakarta.el-api-3.0.3.jar:/root/.m2/repository/jakarta/interceptor/jakarta.interceptor-api/1.2.5/jakarta.interceptor-api-1.2.5.jar:/root/.m2/repository/jakarta/ejb/jakarta.ejb-api/3.2.6/jakarta.ejb-api-3.2.6.jar:/root/.m2/repository/io/quarkus/quarkus-spring-di/1.9.0.CR1/quarkus-spring-di-1.9.0.CR1.jar:/root/.m2/repository/io/quarkus/quarkus-spring-beans-api/5.2.SP4/quarkus-spring-beans-api-5.2.SP4.jar:/root/.m2/repository/io/quarkus/quarkus-spring-web-api/5.2.SP4/quarkus-spring-web-api-5.2.SP4.jar:/root/.m2/repository/io/quarkus/quarkus-spring-webmvc-api/5.2.SP4/quarkus-spring-webmvc-api-5.2.SP4.jar:/root/.m2/repository/io/quarkus/quarkus-spring-core-api/5.2.SP4/quarkus-spring-core-api-5.2.SP4.jar:/root/.m2/repository/io/quarkus/quarkus-spring-context-api/5.2.SP4/quarkus-spring-context-api-5.2.SP4.jar:/root/.m2/repository/net/sourceforge/jexcelapi/jxl/2.6.12/jxl-2.6.12.jar:/root/.m2/repository/log4j/log4j/1.2.14/log4j-1.2.14.jar:/root/.m2/repository/net/gjerull/etherpad/etherpad_lite_client/1.2.13/etherpad_lite_client-1.2.13.jar:/root/.m2/repository/com/googlecode/json-simple/json-simple/1.1.1/json-simple-1.1.1.jar:/root/.m2/repository/junit/junit/4.12/junit-4.12.jar:/root/.m2/repository/org/hamcrest/hamcrest-core/1.3/hamcrest-core-1.3.jar:/root/.m2/repository/org/mnode/ical4j/ical4j/3.0.20/ical4j-3.0.20.jar:/root/.m2/repository/org/slf4j/slf4j-api/1.7.30/slf4j-api-1.7.30.jar:/root/.m2/repository/commons-codec/commons-codec/1.14/commons-codec-1.14.jar:/root/.m2/repository/org/apache/commons/commons-lang3/3.9/commons-lang3-3.9.jar:/root/.m2/repository/org/apache/commons/commons-collections4/4.1/commons-collections4-4.1.jar:/root/.m2/repository/com/sun/mail/javax.mail/1.6.2/javax.mail-1.6.2.jar:/root/.m2/repository/javax/activation/activation/1.1/activation-1.1.jar:/root/.m2/repository/org/apache/httpcomponents/httpasyncclient/4.1.4/httpasyncclient-4.1.4.jar:/root/.m2/repository/org/apache/httpcomponents/httpcore/4.4.13/httpcore-4.4.13.jar:/root/.m2/repository/org/apache/httpcomponents/httpcore-nio/4.4.13/httpcore-nio-4.4.13.jar:/root/.m2/repository/javax/cache/cache-api/1.1.1/cache-api-1.1.1.jar:/root/.m2/repository/org/jsr107/ri/cache-ri-impl/1.1.1/cache-ri-impl-1.1.1.jar:/root/.m2/repository/org/jboss/logging/commons-logging-jboss-logging/1.0.0.Final/commons-logging-jboss-logging-1.0.0.Final.jar:/root/.m2/repository/org/jboss/logging/jboss-logging/3.4.1.Final/jboss-logging-3.4.1.Final.jar:/root/.m2/repository/org/jboss/logmanager/log4j-jboss-logmanager/1.2.0.Final/log4j-jboss-logmanager-1.2.0.Final.jar:/root/.m2/repository/org/jboss/logmanager/jboss-logmanager/2.1.10.Final/jboss-logmanager-2.1.10.Final.jar:/root/.m2/repository/org/jboss/slf4j/slf4j-jboss-logging/1.2.1.Final/slf4j-jboss-logging-1.2.1.Final.jar:"/>
    <property name="sun.cpu.endian" value="little"/>
    <property name="user.home" value="/root"/>
    <property name="user.language" value="en"/>
    <property name="java.specification.vendor" value="Oracle Corporation"/>
    <property name="java.version.date" value="2020-11-04"/>
    <property name="java.home" value="/usr/lib/jvm/java-11-openjdk-amd64"/>
    <property name="file.separator" value="/"/>
    <property name="basedir" value="/api"/>
    <property name="java.vm.compressedOopsMode" value="32-bit"/>
    <property name="line.separator" value="&#10;"/>
    <property name="java.specification.name" value="Java Platform API Specification"/>
    <property name="java.vm.specification.vendor" value="Oracle Corporation"/>
    <property name="java.awt.graphicsenv" value="sun.awt.X11GraphicsEnvironment"/>
    <property name="surefire.real.class.path" value="/api/target/surefire/surefirebooter9580960072274612710.jar"/>
    <property name="sun.management.compiler" value="HotSpot 64-Bit Tiered Compilers"/>
    <property name="java.runtime.version" value="11.0.9.1+1-Ubuntu-0ubuntu1.20.04"/>
    <property name="user.name" value="root"/>
    <property name="path.separator" value=":"/>
    <property name="os.version" value="5.8.0-38-generic"/>
    <property name="java.runtime.name" value="OpenJDK Runtime Environment"/>
    <property name="file.encoding" value="ANSI_X3.4-1968"/>
    <property name="java.vm.name" value="OpenJDK 64-Bit Server VM"/>
    <property name="localRepository" value="/root/.m2/repository"/>
    <property name="java.vendor.url.bug" value="https://bugs.launchpad.net/ubuntu/+source/openjdk-lts"/>
    <property name="java.io.tmpdir" value="/tmp"/>
    <property name="java.version" value="11.0.9.1"/>
    <property name="user.dir" value="/api"/>
    <property name="os.arch" value="amd64"/>
    <property name="java.vm.specification.name" value="Java Virtual Machine Specification"/>
    <property name="java.awt.printerjob" value="sun.print.PSPrinterJob"/>
    <property name="sun.os.patch.level" value="unknown"/>
    <property name="java.util.logging.manager" value="org.jboss.logmanager.LogManager"/>
    <property name="java.library.path" value="/usr/java/packages/lib:/usr/lib/x86_64-linux-gnu/jni:/lib/x86_64-linux-gnu:/usr/lib/x86_64-linux-gnu:/usr/lib/jni:/lib:/usr/lib"/>
    <property name="java.vm.info" value="mixed mode, sharing"/>
    <property name="java.vendor" value="Ubuntu"/>
    <property name="java.vm.version" value="11.0.9.1+1-Ubuntu-0ubuntu1.20.04"/>
    <property name="sun.io.unicode.encoding" value="UnicodeLittle"/>
    <property name="java.class.version" value="55.0"/>
  </properties>
  <testcase name="testHelloEndpoint" classname="org.acme.resteasy.ExampleResourceTest" time="0.027">
    <error message="java.lang.RuntimeException: Failed to start quarkus" type="java.lang.RuntimeException"><![CDATA[java.lang.RuntimeException: java.lang.RuntimeException: Failed to start quarkus
Caused by: java.lang.RuntimeException: Failed to start quarkus
Caused by: javax.persistence.PersistenceException: [PersistenceUnit: <default>] Unable to build Hibernate SessionFactory
Caused by: org.hibernate.exception.JDBCConnectionException: Unable to open JDBC Connection for DDL execution
Caused by: com.mysql.cj.jdbc.exceptions.CommunicationsException: 
Communications link failure

The last packet sent successfully to the server was 0 milliseconds ago. The driver has not received any packets from the server.
Caused by: com.mysql.cj.exceptions.CJCommunicationsException: 
Communications link failure

The last packet sent successfully to the server was 0 milliseconds ago. The driver has not received any packets from the server.
Caused by: java.net.ConnectException: Connection refused (Connection refused)
]]></error>
    <system-out><![CDATA[2021-01-22 15:30:16,177 WARN  [io.qua.boo.BootstrapAppModelFactory] (main) Failed to read deployment classpath cache from /api/target/quarkus/bootstrap/test-app-model.dat for fr.istic:tlcdemoApp::jar:1.0.0-SNAPSHOT: java.io.IOException: Cached artifact does not exist: /home/nrio/.m2/repository/jakarta/annotation/jakarta.annotation-api/1.3.5/jakarta.annotation-api-1.3.5.jar
	at io.quarkus.bootstrap.BootstrapAppModelFactory.resolveAppModel(BootstrapAppModelFactory.java:283)
	at io.quarkus.bootstrap.app.QuarkusBootstrap.bootstrap(QuarkusBootstrap.java:158)
	at io.quarkus.test.junit.QuarkusTestExtension.doJavaStart(QuarkusTestExtension.java:204)
	at io.quarkus.test.junit.QuarkusTestExtension.ensureStarted(QuarkusTestExtension.java:519)
	at io.quarkus.test.junit.QuarkusTestExtension.beforeAll(QuarkusTestExtension.java:552)
	at org.junit.jupiter.engine.descriptor.ClassBasedTestDescriptor.lambda$invokeBeforeAllCallbacks$8(ClassBasedTestDescriptor.java:368)
	at org.junit.platform.engine.support.hierarchical.ThrowableCollector.execute(ThrowableCollector.java:73)
	at org.junit.jupiter.engine.descriptor.ClassBasedTestDescriptor.invokeBeforeAllCallbacks(ClassBasedTestDescriptor.java:368)
	at org.junit.jupiter.engine.descriptor.ClassBasedTestDescriptor.before(ClassBasedTestDescriptor.java:192)
	at org.junit.jupiter.engine.descriptor.ClassBasedTestDescriptor.before(ClassBasedTestDescriptor.java:78)
	at org.junit.platform.engine.support.hierarchical.NodeTestTask.lambda$executeRecursively$5(NodeTestTask.java:136)
	at org.junit.platform.engine.support.hierarchical.ThrowableCollector.execute(ThrowableCollector.java:73)
	at org.junit.platform.engine.support.hierarchical.NodeTestTask.lambda$executeRecursively$7(NodeTestTask.java:129)
	at org.junit.platform.engine.support.hierarchical.Node.around(Node.java:137)
	at org.junit.platform.engine.support.hierarchical.NodeTestTask.lambda$executeRecursively$8(NodeTestTask.java:127)
	at org.junit.platform.engine.support.hierarchical.ThrowableCollector.execute(ThrowableCollector.java:73)
	at org.junit.platform.engine.support.hierarchical.NodeTestTask.executeRecursively(NodeTestTask.java:126)
	at org.junit.platform.engine.support.hierarchical.NodeTestTask.execute(NodeTestTask.java:84)
	at java.base/java.util.ArrayList.forEach(ArrayList.java:1541)
	at org.junit.platform.engine.support.hierarchical.SameThreadHierarchicalTestExecutorService.invokeAll(SameThreadHierarchicalTestExecutorService.java:38)
	at org.junit.platform.engine.support.hierarchical.NodeTestTask.lambda$executeRecursively$5(NodeTestTask.java:143)
	at org.junit.platform.engine.support.hierarchical.ThrowableCollector.execute(ThrowableCollector.java:73)
	at org.junit.platform.engine.support.hierarchical.NodeTestTask.lambda$executeRecursively$7(NodeTestTask.java:129)
	at org.junit.platform.engine.support.hierarchical.Node.around(Node.java:137)
	at org.junit.platform.engine.support.hierarchical.NodeTestTask.lambda$executeRecursively$8(NodeTestTask.java:127)
	at org.junit.platform.engine.support.hierarchical.ThrowableCollector.execute(ThrowableCollector.java:73)
	at org.junit.platform.engine.support.hierarchical.NodeTestTask.executeRecursively(NodeTestTask.java:126)
	at org.junit.platform.engine.support.hierarchical.NodeTestTask.execute(NodeTestTask.java:84)
	at org.junit.platform.engine.support.hierarchical.SameThreadHierarchicalTestExecutorService.submit(SameThreadHierarchicalTestExecutorService.java:32)
	at org.junit.platform.engine.support.hierarchical.HierarchicalTestExecutor.execute(HierarchicalTestExecutor.java:57)
	at org.junit.platform.engine.support.hierarchical.HierarchicalTestEngine.execute(HierarchicalTestEngine.java:51)
	at org.junit.platform.launcher.core.DefaultLauncher.execute(DefaultLauncher.java:220)
	at org.junit.platform.launcher.core.DefaultLauncher.lambda$execute$6(DefaultLauncher.java:188)
	at org.junit.platform.launcher.core.DefaultLauncher.withInterceptedStreams(DefaultLauncher.java:202)
	at org.junit.platform.launcher.core.DefaultLauncher.execute(DefaultLauncher.java:181)
	at org.junit.platform.launcher.core.DefaultLauncher.execute(DefaultLauncher.java:128)
	at org.apache.maven.surefire.junitplatform.JUnitPlatformProvider.invokeAllTests(JUnitPlatformProvider.java:142)
	at org.apache.maven.surefire.junitplatform.JUnitPlatformProvider.invoke(JUnitPlatformProvider.java:117)
	at org.apache.maven.surefire.booter.ForkedBooter.invokeProviderInSameClassLoader(ForkedBooter.java:384)
	at org.apache.maven.surefire.booter.ForkedBooter.runSuitesInProcess(ForkedBooter.java:345)
	at org.apache.maven.surefire.booter.ForkedBooter.execute(ForkedBooter.java:126)
	at org.apache.maven.surefire.booter.ForkedBooter.main(ForkedBooter.java:418)

2021-01-22 15:30:23,715 WARN  [org.jbo.res.res.i18n] (main) RESTEASY002155: Provider class org.jboss.resteasy.plugins.providers.FileProvider is already registered.  2nd registration is being ignored.
2021-01-22 15:30:23,794 WARN  [org.jbo.res.res.i18n] (main) RESTEASY002155: Provider class io.quarkus.resteasy.runtime.vertx.JsonObjectWriter is already registered.  2nd registration is being ignored.
2021-01-22 15:30:23,794 WARN  [org.jbo.res.res.i18n] (main) RESTEASY002155: Provider class org.jboss.resteasy.plugins.providers.ByteArrayProvider is already registered.  2nd registration is being ignored.
2021-01-22 15:30:23,794 WARN  [org.jbo.res.res.i18n] (main) RESTEASY002155: Provider class io.quarkus.resteasy.runtime.vertx.JsonArrayWriter is already registered.  2nd registration is being ignored.
2021-01-22 15:30:23,794 WARN  [org.jbo.res.res.i18n] (main) RESTEASY002155: Provider class org.jboss.resteasy.plugins.providers.StringTextStar is already registered.  2nd registration is being ignored.
2021-01-22 15:30:23,795 WARN  [org.jbo.res.res.i18n] (main) RESTEASY002155: Provider class org.jboss.resteasy.plugins.providers.StreamingOutputProvider is already registered.  2nd registration is being ignored.
2021-01-22 15:30:23,795 WARN  [org.jbo.res.res.i18n] (main) RESTEASY002155: Provider class org.jboss.resteasy.plugins.providers.ReaderProvider is already registered.  2nd registration is being ignored.
2021-01-22 15:30:23,796 WARN  [org.jbo.res.res.i18n] (main) RESTEASY002155: Provider class org.jboss.resteasy.plugins.providers.jackson.ResteasyJackson2Provider is already registered.  2nd registration is being ignored.
2021-01-22 15:30:23,798 WARN  [org.jbo.res.res.i18n] (main) RESTEASY002155: Provider class org.jboss.resteasy.plugins.providers.DataSourceProvider is already registered.  2nd registration is being ignored.
2021-01-22 15:30:23,807 WARN  [org.jbo.res.res.i18n] (main) RESTEASY002155: Provider class org.jboss.resteasy.plugins.providers.AsyncStreamingOutputProvider is already registered.  2nd registration is being ignored.
2021-01-22 15:30:23,807 WARN  [org.jbo.res.res.i18n] (main) RESTEASY002155: Provider class org.jboss.resteasy.plugins.providers.FileRangeWriter is already registered.  2nd registration is being ignored.
2021-01-22 15:30:23,807 WARN  [org.jbo.res.res.i18n] (main) RESTEASY002155: Provider class org.jboss.resteasy.plugins.providers.InputStreamProvider is already registered.  2nd registration is being ignored.
2021-01-22 15:30:24,777 WARN  [io.agr.pool] (Agroal_20533524201) Datasource '<default>': Communications link failure

The last packet sent successfully to the server was 0 milliseconds ago. The driver has not received any packets from the server.
2021-01-22 15:30:24,778 WARN  [org.hib.eng.jdb.spi.SqlExceptionHelper] (main) SQL Error: 0, SQLState: 08S01
2021-01-22 15:30:24,779 ERROR [org.hib.eng.jdb.spi.SqlExceptionHelper] (main) Communications link failure

The last packet sent successfully to the server was 0 milliseconds ago. The driver has not received any packets from the server.
2021-01-22 15:30:24,786 ERROR [io.qua.application] (main) Failed to start application (with profile test): javax.persistence.PersistenceException: [PersistenceUnit: <default>] Unable to build Hibernate SessionFactory
	at io.quarkus.hibernate.orm.runtime.boot.FastBootEntityManagerFactoryBuilder.persistenceException(FastBootEntityManagerFactoryBuilder.java:115)
	at io.quarkus.hibernate.orm.runtime.boot.FastBootEntityManagerFactoryBuilder.build(FastBootEntityManagerFactoryBuilder.java:75)
	at io.quarkus.hibernate.orm.runtime.FastBootHibernatePersistenceProvider.createEntityManagerFactory(FastBootHibernatePersistenceProvider.java:56)
	at javax.persistence.Persistence.createEntityManagerFactory(Persistence.java:80)
	at javax.persistence.Persistence.createEntityManagerFactory(Persistence.java:55)
	at io.quarkus.hibernate.orm.runtime.JPAConfig$LazyPersistenceUnit.get(JPAConfig.java:117)
	at io.quarkus.hibernate.orm.runtime.JPAConfig.startAll(JPAConfig.java:41)
	at io.quarkus.hibernate.orm.runtime.HibernateOrmRecorder.startAllPersistenceUnits(HibernateOrmRecorder.java:82)
	at io.quarkus.deployment.steps.HibernateOrmProcessor$startPersistenceUnits951856026.deploy_0(HibernateOrmProcessor$startPersistenceUnits951856026.zig:74)
	at io.quarkus.deployment.steps.HibernateOrmProcessor$startPersistenceUnits951856026.deploy(HibernateOrmProcessor$startPersistenceUnits951856026.zig:40)
	at io.quarkus.runner.ApplicationImpl.doStart(ApplicationImpl.zig:762)
	at io.quarkus.runtime.Application.start(Application.java:90)
	at java.base/jdk.internal.reflect.NativeMethodAccessorImpl.invoke0(Native Method)
	at java.base/jdk.internal.reflect.NativeMethodAccessorImpl.invoke(NativeMethodAccessorImpl.java:62)
	at java.base/jdk.internal.reflect.DelegatingMethodAccessorImpl.invoke(DelegatingMethodAccessorImpl.java:43)
	at java.base/java.lang.reflect.Method.invoke(Method.java:566)
	at io.quarkus.runner.bootstrap.StartupActionImpl.run(StartupActionImpl.java:212)
	at io.quarkus.test.junit.QuarkusTestExtension.doJavaStart(QuarkusTestExtension.java:231)
	at io.quarkus.test.junit.QuarkusTestExtension.ensureStarted(QuarkusTestExtension.java:519)
	at io.quarkus.test.junit.QuarkusTestExtension.beforeAll(QuarkusTestExtension.java:552)
	at org.junit.jupiter.engine.descriptor.ClassBasedTestDescriptor.lambda$invokeBeforeAllCallbacks$8(ClassBasedTestDescriptor.java:368)
	at org.junit.platform.engine.support.hierarchical.ThrowableCollector.execute(ThrowableCollector.java:73)
	at org.junit.jupiter.engine.descriptor.ClassBasedTestDescriptor.invokeBeforeAllCallbacks(ClassBasedTestDescriptor.java:368)
	at org.junit.jupiter.engine.descriptor.ClassBasedTestDescriptor.before(ClassBasedTestDescriptor.java:192)
	at org.junit.jupiter.engine.descriptor.ClassBasedTestDescriptor.before(ClassBasedTestDescriptor.java:78)
	at org.junit.platform.engine.support.hierarchical.NodeTestTask.lambda$executeRecursively$5(NodeTestTask.java:136)
	at org.junit.platform.engine.support.hierarchical.ThrowableCollector.execute(ThrowableCollector.java:73)
	at org.junit.platform.engine.support.hierarchical.NodeTestTask.lambda$executeRecursively$7(NodeTestTask.java:129)
	at org.junit.platform.engine.support.hierarchical.Node.around(Node.java:137)
	at org.junit.platform.engine.support.hierarchical.NodeTestTask.lambda$executeRecursively$8(NodeTestTask.java:127)
	at org.junit.platform.engine.support.hierarchical.ThrowableCollector.execute(ThrowableCollector.java:73)
	at org.junit.platform.engine.support.hierarchical.NodeTestTask.executeRecursively(NodeTestTask.java:126)
	at org.junit.platform.engine.support.hierarchical.NodeTestTask.execute(NodeTestTask.java:84)
	at java.base/java.util.ArrayList.forEach(ArrayList.java:1541)
	at org.junit.platform.engine.support.hierarchical.SameThreadHierarchicalTestExecutorService.invokeAll(SameThreadHierarchicalTestExecutorService.java:38)
	at org.junit.platform.engine.support.hierarchical.NodeTestTask.lambda$executeRecursively$5(NodeTestTask.java:143)
	at org.junit.platform.engine.support.hierarchical.ThrowableCollector.execute(ThrowableCollector.java:73)
	at org.junit.platform.engine.support.hierarchical.NodeTestTask.lambda$executeRecursively$7(NodeTestTask.java:129)
	at org.junit.platform.engine.support.hierarchical.Node.around(Node.java:137)
	at org.junit.platform.engine.support.hierarchical.NodeTestTask.lambda$executeRecursively$8(NodeTestTask.java:127)
	at org.junit.platform.engine.support.hierarchical.ThrowableCollector.execute(ThrowableCollector.java:73)
	at org.junit.platform.engine.support.hierarchical.NodeTestTask.executeRecursively(NodeTestTask.java:126)
	at org.junit.platform.engine.support.hierarchical.NodeTestTask.execute(NodeTestTask.java:84)
	at org.junit.platform.engine.support.hierarchical.SameThreadHierarchicalTestExecutorService.submit(SameThreadHierarchicalTestExecutorService.java:32)
	at org.junit.platform.engine.support.hierarchical.HierarchicalTestExecutor.execute(HierarchicalTestExecutor.java:57)
	at org.junit.platform.engine.support.hierarchical.HierarchicalTestEngine.execute(HierarchicalTestEngine.java:51)
	at org.junit.platform.launcher.core.DefaultLauncher.execute(DefaultLauncher.java:220)
	at org.junit.platform.launcher.core.DefaultLauncher.lambda$execute$6(DefaultLauncher.java:188)
	at org.junit.platform.launcher.core.DefaultLauncher.withInterceptedStreams(DefaultLauncher.java:202)
	at org.junit.platform.launcher.core.DefaultLauncher.execute(DefaultLauncher.java:181)
	at org.junit.platform.launcher.core.DefaultLauncher.execute(DefaultLauncher.java:128)
	at org.apache.maven.surefire.junitplatform.JUnitPlatformProvider.invokeAllTests(JUnitPlatformProvider.java:142)
	at org.apache.maven.surefire.junitplatform.JUnitPlatformProvider.invoke(JUnitPlatformProvider.java:117)
	at org.apache.maven.surefire.booter.ForkedBooter.invokeProviderInSameClassLoader(ForkedBooter.java:384)
	at org.apache.maven.surefire.booter.ForkedBooter.runSuitesInProcess(ForkedBooter.java:345)
	at org.apache.maven.surefire.booter.ForkedBooter.execute(ForkedBooter.java:126)
	at org.apache.maven.surefire.booter.ForkedBooter.main(ForkedBooter.java:418)
Caused by: org.hibernate.exception.JDBCConnectionException: Unable to open JDBC Connection for DDL execution
	at org.hibernate.exception.internal.SQLStateConversionDelegate.convert(SQLStateConversionDelegate.java:112)
	at org.hibernate.exception.internal.StandardSQLExceptionConverter.convert(StandardSQLExceptionConverter.java:42)
	at org.hibernate.engine.jdbc.spi.SqlExceptionHelper.convert(SqlExceptionHelper.java:113)
	at org.hibernate.engine.jdbc.spi.SqlExceptionHelper.convert(SqlExceptionHelper.java:99)
	at org.hibernate.resource.transaction.backend.jta.internal.DdlTransactionIsolatorJtaImpl.<init>(DdlTransactionIsolatorJtaImpl.java:62)
	at org.hibernate.resource.transaction.backend.jta.internal.JtaTransactionCoordinatorBuilderImpl.buildDdlTransactionIsolator(JtaTransactionCoordinatorBuilderImpl.java:46)
	at org.hibernate.tool.schema.internal.HibernateSchemaManagementTool.getDdlTransactionIsolator(HibernateSchemaManagementTool.java:188)
	at org.hibernate.tool.schema.internal.AbstractSchemaMigrator.doMigration(AbstractSchemaMigrator.java:94)
	at org.hibernate.tool.schema.spi.SchemaManagementToolCoordinator.performDatabaseAction(SchemaManagementToolCoordinator.java:184)
	at org.hibernate.tool.schema.spi.SchemaManagementToolCoordinator.process(SchemaManagementToolCoordinator.java:73)
	at org.hibernate.internal.SessionFactoryImpl.<init>(SessionFactoryImpl.java:316)
	at io.quarkus.hibernate.orm.runtime.boot.FastBootEntityManagerFactoryBuilder.build(FastBootEntityManagerFactoryBuilder.java:73)
	... 55 more
Caused by: com.mysql.cj.jdbc.exceptions.CommunicationsException: Communications link failure

The last packet sent successfully to the server was 0 milliseconds ago. The driver has not received any packets from the server.
	at com.mysql.cj.jdbc.exceptions.SQLError.createCommunicationsException(SQLError.java:174)
	at com.mysql.cj.jdbc.exceptions.SQLExceptionsMapping.translateException(SQLExceptionsMapping.java:64)
	at com.mysql.cj.jdbc.ConnectionImpl.createNewIO(ConnectionImpl.java:836)
	at com.mysql.cj.jdbc.ConnectionImpl.<init>(ConnectionImpl.java:456)
	at com.mysql.cj.jdbc.ConnectionImpl.getInstance(ConnectionImpl.java:246)
	at com.mysql.cj.jdbc.NonRegisteringDriver.connect(NonRegisteringDriver.java:197)
	at io.agroal.pool.ConnectionFactory.createConnection(ConnectionFactory.java:200)
	at io.agroal.pool.ConnectionPool$CreateConnectionTask.call(ConnectionPool.java:419)
	at io.agroal.pool.ConnectionPool$CreateConnectionTask.call(ConnectionPool.java:401)
	at java.base/java.util.concurrent.FutureTask.run(FutureTask.java:264)
	at io.agroal.pool.util.PriorityScheduledExecutor.beforeExecute(PriorityScheduledExecutor.java:65)
	at java.base/java.util.concurrent.ThreadPoolExecutor.runWorker(ThreadPoolExecutor.java:1126)
	at java.base/java.util.concurrent.ThreadPoolExecutor$Worker.run(ThreadPoolExecutor.java:628)
	at java.base/java.lang.Thread.run(Thread.java:834)
Caused by: com.mysql.cj.exceptions.CJCommunicationsException: Communications link failure

The last packet sent successfully to the server was 0 milliseconds ago. The driver has not received any packets from the server.
	at java.base/jdk.internal.reflect.NativeConstructorAccessorImpl.newInstance0(Native Method)
	at java.base/jdk.internal.reflect.NativeConstructorAccessorImpl.newInstance(NativeConstructorAccessorImpl.java:62)
	at java.base/jdk.internal.reflect.DelegatingConstructorAccessorImpl.newInstance(DelegatingConstructorAccessorImpl.java:45)
	at java.base/java.lang.reflect.Constructor.newInstance(Constructor.java:490)
	at com.mysql.cj.exceptions.ExceptionFactory.createException(ExceptionFactory.java:61)
	at com.mysql.cj.exceptions.ExceptionFactory.createException(ExceptionFactory.java:105)
	at com.mysql.cj.exceptions.ExceptionFactory.createException(ExceptionFactory.java:151)
	at com.mysql.cj.exceptions.ExceptionFactory.createCommunicationsException(ExceptionFactory.java:167)
	at com.mysql.cj.protocol.a.NativeSocketConnection.connect(NativeSocketConnection.java:91)
	at com.mysql.cj.NativeSession.connect(NativeSession.java:144)
	at com.mysql.cj.jdbc.ConnectionImpl.connectOneTryOnly(ConnectionImpl.java:956)
	at com.mysql.cj.jdbc.ConnectionImpl.createNewIO(ConnectionImpl.java:826)
	... 11 more
Caused by: java.net.ConnectException: Connection refused (Connection refused)
	at java.base/java.net.PlainSocketImpl.socketConnect(Native Method)
	at java.base/java.net.AbstractPlainSocketImpl.doConnect(AbstractPlainSocketImpl.java:399)
	at java.base/java.net.AbstractPlainSocketImpl.connectToAddress(AbstractPlainSocketImpl.java:242)
	at java.base/java.net.AbstractPlainSocketImpl.connect(AbstractPlainSocketImpl.java:224)
	at java.base/java.net.SocksSocketImpl.connect(SocksSocketImpl.java:403)
	at java.base/java.net.Socket.connect(Socket.java:609)
	at com.mysql.cj.protocol.StandardSocketFactory.connect(StandardSocketFactory.java:155)
	at com.mysql.cj.protocol.a.NativeSocketConnection.connect(NativeSocketConnection.java:65)
	... 14 more

]]></system-out>
  </testcase>
</testsuite>